{"total": {"lines":{"total":1043,"covered":962,"skipped":0,"pct":92.23},"statements":{"total":1209,"covered":1074,"skipped":0,"pct":88.83},"functions":{"total":233,"covered":214,"skipped":0,"pct":91.84},"branches":{"total":730,"covered":559,"skipped":0,"pct":76.57},"branchesTrue":{"total":0,"covered":0,"skipped":0,"pct":"Unknown"}}
,"/Users/noir/Projects/a-team/lib/adversarial.ts": {"lines":{"total":88,"covered":67,"skipped":0,"pct":76.13},"functions":{"total":19,"covered":13,"skipped":0,"pct":68.42},"statements":{"total":105,"covered":77,"skipped":0,"pct":73.33},"branches":{"total":54,"covered":31,"skipped":0,"pct":57.4}}
,"/Users/noir/Projects/a-team/lib/analytics.ts": {"lines":{"total":97,"covered":78,"skipped":0,"pct":80.41},"functions":{"total":21,"covered":13,"skipped":0,"pct":61.9},"statements":{"total":120,"covered":87,"skipped":0,"pct":72.5},"branches":{"total":71,"covered":42,"skipped":0,"pct":59.15}}
,"/Users/noir/Projects/a-team/lib/budget-tracker.ts": {"lines":{"total":23,"covered":23,"skipped":0,"pct":100},"functions":{"total":9,"covered":9,"skipped":0,"pct":100},"statements":{"total":29,"covered":29,"skipped":0,"pct":100},"branches":{"total":22,"covered":22,"skipped":0,"pct":100}}
,"/Users/noir/Projects/a-team/lib/cascade-gate.ts": {"lines":{"total":17,"covered":17,"skipped":0,"pct":100},"functions":{"total":4,"covered":4,"skipped":0,"pct":100},"statements":{"total":21,"covered":21,"skipped":0,"pct":100},"branches":{"total":24,"covered":24,"skipped":0,"pct":100}}
,"/Users/noir/Projects/a-team/lib/circuit-breaker.ts": {"lines":{"total":33,"covered":33,"skipped":0,"pct":100},"functions":{"total":7,"covered":7,"skipped":0,"pct":100},"statements":{"total":35,"covered":35,"skipped":0,"pct":100},"branches":{"total":20,"covered":18,"skipped":0,"pct":90}}
,"/Users/noir/Projects/a-team/lib/confidence.ts": {"lines":{"total":17,"covered":17,"skipped":0,"pct":100},"functions":{"total":4,"covered":4,"skipped":0,"pct":100},"statements":{"total":19,"covered":19,"skipped":0,"pct":100},"branches":{"total":14,"covered":14,"skipped":0,"pct":100}}
,"/Users/noir/Projects/a-team/lib/config-protection.ts": {"lines":{"total":13,"covered":6,"skipped":0,"pct":46.15},"functions":{"total":3,"covered":3,"skipped":0,"pct":100},"statements":{"total":14,"covered":7,"skipped":0,"pct":50},"branches":{"total":8,"covered":1,"skipped":0,"pct":12.5}}
,"/Users/noir/Projects/a-team/lib/cost-tracker.ts": {"lines":{"total":87,"covered":84,"skipped":0,"pct":96.55},"functions":{"total":23,"covered":23,"skipped":0,"pct":100},"statements":{"total":111,"covered":97,"skipped":0,"pct":87.38},"branches":{"total":93,"covered":73,"skipped":0,"pct":78.49}}
,"/Users/noir/Projects/a-team/lib/coverage-audit.ts": {"lines":{"total":75,"covered":75,"skipped":0,"pct":100},"functions":{"total":18,"covered":18,"skipped":0,"pct":100},"statements":{"total":92,"covered":90,"skipped":0,"pct":97.82},"branches":{"total":54,"covered":43,"skipped":0,"pct":79.62}}
,"/Users/noir/Projects/a-team/lib/design-smell-detector.ts": {"lines":{"total":254,"covered":253,"skipped":0,"pct":99.6},"functions":{"total":42,"covered":42,"skipped":0,"pct":100},"statements":{"total":275,"covered":269,"skipped":0,"pct":97.81},"branches":{"total":111,"covered":98,"skipped":0,"pct":88.28}}
,"/Users/noir/Projects/a-team/lib/eval-store.ts": {"lines":{"total":51,"covered":49,"skipped":0,"pct":96.07},"functions":{"total":12,"covered":12,"skipped":0,"pct":100},"statements":{"total":60,"covered":55,"skipped":0,"pct":91.66},"branches":{"total":37,"covered":33,"skipped":0,"pct":89.18}}
,"/Users/noir/Projects/a-team/lib/gap-sensor.ts": {"lines":{"total":14,"covered":14,"skipped":0,"pct":100},"functions":{"total":6,"covered":6,"skipped":0,"pct":100},"statements":{"total":15,"covered":15,"skipped":0,"pct":100},"branches":{"total":3,"covered":3,"skipped":0,"pct":100}}
,"/Users/noir/Projects/a-team/lib/gate-manager.ts": {"lines":{"total":19,"covered":18,"skipped":0,"pct":94.73},"functions":{"total":4,"covered":4,"skipped":0,"pct":100},"statements":{"total":22,"covered":20,"skipped":0,"pct":90.9},"branches":{"total":14,"covered":12,"skipped":0,"pct":85.71}}
,"/Users/noir/Projects/a-team/lib/harness-score.ts": {"lines":{"total":8,"covered":8,"skipped":0,"pct":100},"functions":{"total":3,"covered":3,"skipped":0,"pct":100},"statements":{"total":12,"covered":12,"skipped":0,"pct":100},"branches":{"total":8,"covered":8,"skipped":0,"pct":100}}
,"/Users/noir/Projects/a-team/lib/hook-flags.ts": {"lines":{"total":4,"covered":4,"skipped":0,"pct":100},"functions":{"total":3,"covered":3,"skipped":0,"pct":100},"statements":{"total":7,"covered":7,"skipped":0,"pct":100},"branches":{"total":4,"covered":4,"skipped":0,"pct":100}}
,"/Users/noir/Projects/a-team/lib/instinct.ts": {"lines":{"total":9,"covered":9,"skipped":0,"pct":100},"functions":{"total":4,"covered":4,"skipped":0,"pct":100},"statements":{"total":11,"covered":11,"skipped":0,"pct":100},"branches":{"total":10,"covered":10,"skipped":0,"pct":100}}
,"/Users/noir/Projects/a-team/lib/intel-types.ts": {"lines":{"total":11,"covered":11,"skipped":0,"pct":100},"functions":{"total":5,"covered":5,"skipped":0,"pct":100},"statements":{"total":14,"covered":12,"skipped":0,"pct":85.71},"branches":{"total":33,"covered":31,"skipped":0,"pct":93.93}}
,"/Users/noir/Projects/a-team/lib/learnings.ts": {"lines":{"total":47,"covered":39,"skipped":0,"pct":82.97},"functions":{"total":10,"covered":8,"skipped":0,"pct":80},"statements":{"total":54,"covered":43,"skipped":0,"pct":79.62},"branches":{"total":53,"covered":16,"skipped":0,"pct":30.18}}
,"/Users/noir/Projects/a-team/lib/quality-gate.ts": {"lines":{"total":21,"covered":21,"skipped":0,"pct":100},"functions":{"total":2,"covered":2,"skipped":0,"pct":100},"statements":{"total":23,"covered":23,"skipped":0,"pct":100},"branches":{"total":15,"covered":15,"skipped":0,"pct":100}}
,"/Users/noir/Projects/a-team/lib/self-healing.ts": {"lines":{"total":12,"covered":12,"skipped":0,"pct":100},"functions":{"total":4,"covered":4,"skipped":0,"pct":100},"statements":{"total":13,"covered":13,"skipped":0,"pct":100},"branches":{"total":14,"covered":14,"skipped":0,"pct":100}}
,"/Users/noir/Projects/a-team/lib/skill-gen.ts": {"lines":{"total":37,"covered":24,"skipped":0,"pct":64.86},"functions":{"total":5,"covered":4,"skipped":0,"pct":80},"statements":{"total":41,"covered":25,"skipped":0,"pct":60.97},"branches":{"total":21,"covered":10,"skipped":0,"pct":47.61}}
,"/Users/noir/Projects/a-team/lib/state-machine.ts": {"lines":{"total":21,"covered":21,"skipped":0,"pct":100},"functions":{"total":6,"covered":6,"skipped":0,"pct":100},"statements":{"total":22,"covered":22,"skipped":0,"pct":100},"branches":{"total":16,"covered":16,"skipped":0,"pct":100}}
,"/Users/noir/Projects/a-team/lib/tool-registry.ts": {"lines":{"total":18,"covered":18,"skipped":0,"pct":100},"functions":{"total":7,"covered":7,"skipped":0,"pct":100},"statements":{"total":22,"covered":22,"skipped":0,"pct":100},"branches":{"total":8,"covered":8,"skipped":0,"pct":100}}
,"/Users/noir/Projects/a-team/lib/worktree.ts": {"lines":{"total":67,"covered":61,"skipped":0,"pct":91.04},"functions":{"total":12,"covered":10,"skipped":0,"pct":83.33},"statements":{"total":72,"covered":63,"skipped":0,"pct":87.5},"branches":{"total":23,"covered":13,"skipped":0,"pct":56.52}}
}
