{"/Users/noir/Projects/a-team/lib/adversarial.ts": {"path":"/Users/noir/Projects/a-team/lib/adversarial.ts","statementMap":{"0":{"start":{"line":45,"column":19},"end":{"line":45,"column":50}},"1":{"start":{"line":46,"column":19},"end":{"line":46,"column":50}},"2":{"start":{"line":48,"column":2},"end":{"line":56,"column":null}},"3":{"start":{"line":49,"column":4},"end":{"line":56,"column":null}},"4":{"start":{"line":50,"column":22},"end":{"line":50,"column":52}},"5":{"start":{"line":51,"column":23},"end":{"line":51,"column":61}},"6":{"start":{"line":52,"column":27},"end":{"line":52,"column":71}},"7":{"start":{"line":53,"column":6},"end":{"line":54,"column":null}},"8":{"start":{"line":54,"column":8},"end":{"line":54,"column":null}},"9":{"start":{"line":56,"column":6},"end":{"line":56,"column":null}},"10":{"start":{"line":59,"column":2},"end":{"line":59,"column":null}},"11":{"start":{"line":63,"column":26},"end":{"line":63,"column":null}},"12":{"start":{"line":64,"column":21},"end":{"line":64,"column":96}},"13":{"start":{"line":64,"column":74},"end":{"line":64,"column":95}},"14":{"start":{"line":65,"column":26},"end":{"line":65,"column":28}},"15":{"start":{"line":67,"column":2},"end":{"line":81,"column":null}},"16":{"start":{"line":68,"column":4},"end":{"line":68,"column":null}},"17":{"start":{"line":68,"column":29},"end":{"line":68,"column":null}},"18":{"start":{"line":69,"column":4},"end":{"line":81,"column":null}},"19":{"start":{"line":70,"column":20},"end":{"line":70,"column":60}},"20":{"start":{"line":71,"column":6},"end":{"line":79,"column":null}},"21":{"start":{"line":72,"column":21},"end":{"line":72,"column":58}},"22":{"start":{"line":73,"column":8},"end":{"line":73,"column":null}},"23":{"start":{"line":73,"column":38},"end":{"line":73,"column":54}},"24":{"start":{"line":73,"column":57},"end":{"line":73,"column":null}},"25":{"start":{"line":75,"column":25},"end":{"line":75,"column":45}},"26":{"start":{"line":76,"column":8},"end":{"line":79,"column":null}},"27":{"start":{"line":77,"column":23},"end":{"line":77,"column":44}},"28":{"start":{"line":78,"column":10},"end":{"line":78,"column":null}},"29":{"start":{"line":78,"column":48},"end":{"line":78,"column":null}},"30":{"start":{"line":84,"column":2},"end":{"line":85,"column":null}},"31":{"start":{"line":85,"column":4},"end":{"line":85,"column":null}},"32":{"start":{"line":87,"column":2},"end":{"line":87,"column":null}},"33":{"start":{"line":91,"column":20},"end":{"line":91,"column":64}},"34":{"start":{"line":92,"column":2},"end":{"line":93,"column":null}},"35":{"start":{"line":93,"column":4},"end":{"line":93,"column":null}},"36":{"start":{"line":96,"column":18},"end":{"line":96,"column":53}},"37":{"start":{"line":97,"column":20},"end":{"line":97,"column":56}},"38":{"start":{"line":98,"column":2},"end":{"line":99,"column":null}},"39":{"start":{"line":99,"column":4},"end":{"line":99,"column":null}},"40":{"start":{"line":102,"column":19},"end":{"line":102,"column":41}},"41":{"start":{"line":103,"column":20},"end":{"line":103,"column":76}},"42":{"start":{"line":105,"column":2},"end":{"line":106,"column":null}},"43":{"start":{"line":106,"column":4},"end":{"line":106,"column":null}},"44":{"start":{"line":108,"column":2},"end":{"line":108,"column":null}},"45":{"start":{"line":112,"column":19},"end":{"line":112,"column":58}},"46":{"start":{"line":113,"column":2},"end":{"line":114,"column":null}},"47":{"start":{"line":114,"column":4},"end":{"line":114,"column":null}},"48":{"start":{"line":117,"column":27},"end":{"line":117,"column":29}},"49":{"start":{"line":118,"column":16},"end":{"line":118,"column":71}},"50":{"start":{"line":118,"column":53},"end":{"line":118,"column":70}},"51":{"start":{"line":120,"column":2},"end":{"line":128,"column":null}},"52":{"start":{"line":121,"column":20},"end":{"line":121,"column":71}},"53":{"start":{"line":122,"column":17},"end":{"line":122,"column":68}},"54":{"start":{"line":123,"column":4},"end":{"line":128,"column":null}},"55":{"start":{"line":124,"column":23},"end":{"line":124,"column":44}},"56":{"start":{"line":125,"column":6},"end":{"line":125,"column":null}},"57":{"start":{"line":125,"column":65},"end":{"line":125,"column":null}},"58":{"start":{"line":126,"column":23},"end":{"line":126,"column":51}},"59":{"start":{"line":127,"column":6},"end":{"line":128,"column":null}},"60":{"start":{"line":128,"column":8},"end":{"line":128,"column":null}},"61":{"start":{"line":133,"column":2},"end":{"line":134,"column":null}},"62":{"start":{"line":134,"column":4},"end":{"line":134,"column":null}},"63":{"start":{"line":136,"column":2},"end":{"line":136,"column":null}},"64":{"start":{"line":140,"column":19},"end":{"line":140,"column":58}},"65":{"start":{"line":141,"column":19},"end":{"line":141,"column":60}},"66":{"start":{"line":142,"column":2},"end":{"line":143,"column":null}},"67":{"start":{"line":143,"column":4},"end":{"line":143,"column":null}},"68":{"start":{"line":147,"column":14},"end":{"line":147,"column":null}},"69":{"start":{"line":148,"column":23},"end":{"line":150,"column":63}},"70":{"start":{"line":149,"column":17},"end":{"line":149,"column":34}},"71":{"start":{"line":150,"column":14},"end":{"line":150,"column":62}},"72":{"start":{"line":152,"column":21},"end":{"line":152,"column":76}},"73":{"start":{"line":152,"column":58},"end":{"line":152,"column":75}},"74":{"start":{"line":153,"column":2},"end":{"line":157,"column":null}},"75":{"start":{"line":154,"column":25},"end":{"line":154,"column":74}},"76":{"start":{"line":155,"column":23},"end":{"line":155,"column":140}},"77":{"start":{"line":155,"column":60},"end":{"line":155,"column":139}},"78":{"start":{"line":156,"column":4},"end":{"line":157,"column":null}},"79":{"start":{"line":157,"column":6},"end":{"line":157,"column":null}},"80":{"start":{"line":157,"column":34},"end":{"line":157,"column":51}},"81":{"start":{"line":157,"column":54},"end":{"line":157,"column":null}},"82":{"start":{"line":161,"column":2},"end":{"line":162,"column":null}},"83":{"start":{"line":162,"column":4},"end":{"line":162,"column":null}},"84":{"start":{"line":164,"column":2},"end":{"line":164,"column":null}},"85":{"start":{"line":170,"column":17},"end":{"line":176,"column":null}},"86":{"start":{"line":178,"column":17},"end":{"line":178,"column":null}},"87":{"start":{"line":178,"column":36},"end":{"line":178,"column":56}},"88":{"start":{"line":179,"column":17},"end":{"line":179,"column":null}},"89":{"start":{"line":179,"column":36},"end":{"line":179,"column":56}},"90":{"start":{"line":181,"column":2},"end":{"line":181,"column":null}},"91":{"start":{"line":187,"column":16},"end":{"line":187,"column":null}},"92":{"start":{"line":188,"column":17},"end":{"line":188,"column":null}},"93":{"start":{"line":188,"column":36},"end":{"line":188,"column":56}},"94":{"start":{"line":189,"column":17},"end":{"line":189,"column":null}},"95":{"start":{"line":190,"column":30},"end":{"line":190,"column":null}},"96":{"start":{"line":190,"column":49},"end":{"line":190,"column":95}},"97":{"start":{"line":191,"column":20},"end":{"line":191,"column":null}},"98":{"start":{"line":192,"column":20},"end":{"line":192,"column":null}},"99":{"start":{"line":194,"column":29},"end":{"line":194,"column":null}},"100":{"start":{"line":195,"column":2},"end":{"line":196,"column":null}},"101":{"start":{"line":195,"column":22},"end":{"line":195,"column":null}},"102":{"start":{"line":196,"column":11},"end":{"line":196,"column":null}},"103":{"start":{"line":196,"column":27},"end":{"line":196,"column":null}},"104":{"start":{"line":198,"column":2},"end":{"line":203,"column":null}}},"fnMap":{"0":{"name":"checkEntryPoint","decl":{"start":{"line":44,"column":9},"end":{"line":44,"column":25}},"loc":{"start":{"line":44,"column":60},"end":{"line":59,"column":null}},"line":44},"1":{"name":"checkNoGarbage","decl":{"start":{"line":62,"column":9},"end":{"line":62,"column":24}},"loc":{"start":{"line":62,"column":59},"end":{"line":87,"column":null}},"line":62},"2":{"name":"(anonymous_2)","decl":{"start":{"line":64,"column":65},"end":{"line":64,"column":69}},"loc":{"start":{"line":64,"column":74},"end":{"line":64,"column":95}},"line":64},"3":{"name":"(anonymous_3)","decl":{"start":{"line":73,"column":28},"end":{"line":73,"column":33}},"loc":{"start":{"line":73,"column":38},"end":{"line":73,"column":54}},"line":73},"4":{"name":"checkContextFreshness","decl":{"start":{"line":90,"column":9},"end":{"line":90,"column":31}},"loc":{"start":{"line":90,"column":66},"end":{"line":108,"column":null}},"line":90},"5":{"name":"checkBrokenRefs","decl":{"start":{"line":111,"column":9},"end":{"line":111,"column":25}},"loc":{"start":{"line":111,"column":60},"end":{"line":136,"column":null}},"line":111},"6":{"name":"(anonymous_6)","decl":{"start":{"line":118,"column":41},"end":{"line":118,"column":48}},"loc":{"start":{"line":118,"column":53},"end":{"line":118,"column":70}},"line":118},"7":{"name":"checkDuplication","decl":{"start":{"line":139,"column":9},"end":{"line":139,"column":26}},"loc":{"start":{"line":139,"column":61},"end":{"line":164,"column":null}},"line":139},"8":{"name":"(anonymous_8)","decl":{"start":{"line":149,"column":5},"end":{"line":149,"column":12}},"loc":{"start":{"line":149,"column":17},"end":{"line":149,"column":34}},"line":149},"9":{"name":"(anonymous_9)","decl":{"start":{"line":150,"column":5},"end":{"line":150,"column":9}},"loc":{"start":{"line":150,"column":14},"end":{"line":150,"column":62}},"line":150},"10":{"name":"(anonymous_10)","decl":{"start":{"line":152,"column":46},"end":{"line":152,"column":53}},"loc":{"start":{"line":152,"column":58},"end":{"line":152,"column":75}},"line":152},"11":{"name":"(anonymous_11)","decl":{"start":{"line":155,"column":48},"end":{"line":155,"column":55}},"loc":{"start":{"line":155,"column":60},"end":{"line":155,"column":139}},"line":155},"12":{"name":"(anonymous_12)","decl":{"start":{"line":157,"column":23},"end":{"line":157,"column":28}},"loc":{"start":{"line":157,"column":34},"end":{"line":157,"column":51}},"line":157},"13":{"name":"runAdversarialChecks","decl":{"start":{"line":169,"column":16},"end":{"line":169,"column":37}},"loc":{"start":{"line":169,"column":73},"end":{"line":181,"column":null}},"line":169},"14":{"name":"(anonymous_14)","decl":{"start":{"line":178,"column":24},"end":{"line":178,"column":31}},"loc":{"start":{"line":178,"column":36},"end":{"line":178,"column":56}},"line":178},"15":{"name":"(anonymous_15)","decl":{"start":{"line":179,"column":24},"end":{"line":179,"column":31}},"loc":{"start":{"line":179,"column":36},"end":{"line":179,"column":56}},"line":179},"16":{"name":"calculateBiasDelta","decl":{"start":{"line":186,"column":16},"end":{"line":186,"column":35}},"loc":{"start":{"line":186,"column":74},"end":{"line":203,"column":null}},"line":186},"17":{"name":"(anonymous_17)","decl":{"start":{"line":188,"column":24},"end":{"line":188,"column":31}},"loc":{"start":{"line":188,"column":36},"end":{"line":188,"column":56}},"line":188},"18":{"name":"(anonymous_18)","decl":{"start":{"line":190,"column":37},"end":{"line":190,"column":44}},"loc":{"start":{"line":190,"column":49},"end":{"line":190,"column":95}},"line":190}},"branchMap":{"0":{"loc":{"start":{"line":49,"column":4},"end":{"line":56,"column":null}},"type":"if","locations":[{"start":{"line":49,"column":4},"end":{"line":56,"column":null}},{"start":{},"end":{}}],"line":49},"1":{"loc":{"start":{"line":53,"column":6},"end":{"line":54,"column":null}},"type":"if","locations":[{"start":{"line":53,"column":6},"end":{"line":54,"column":null}},{"start":{},"end":{}}],"line":53},"2":{"loc":{"start":{"line":53,"column":10},"end":{"line":53,"column":36}},"type":"binary-expr","locations":[{"start":{"line":53,"column":10},"end":{"line":53,"column":22}},{"start":{"line":53,"column":22},"end":{"line":53,"column":36}}],"line":53},"3":{"loc":{"start":{"line":68,"column":4},"end":{"line":68,"column":null}},"type":"if","locations":[{"start":{"line":68,"column":4},"end":{"line":68,"column":null}},{"start":{},"end":{}}],"line":68},"4":{"loc":{"start":{"line":72,"column":21},"end":{"line":72,"column":58}},"type":"cond-expr","locations":[{"start":{"line":72,"column":45},"end":{"line":72,"column":49}},{"start":{"line":72,"column":49},"end":{"line":72,"column":58}}],"line":72},"5":{"loc":{"start":{"line":73,"column":8},"end":{"line":73,"column":null}},"type":"if","locations":[{"start":{"line":73,"column":8},"end":{"line":73,"column":null}},{"start":{},"end":{}}],"line":73},"6":{"loc":{"start":{"line":78,"column":10},"end":{"line":78,"column":null}},"type":"if","locations":[{"start":{"line":78,"column":10},"end":{"line":78,"column":null}},{"start":{},"end":{}}],"line":78},"7":{"loc":{"start":{"line":78,"column":14},"end":{"line":78,"column":48}},"type":"binary-expr","locations":[{"start":{"line":78,"column":14},"end":{"line":78,"column":27}},{"start":{"line":78,"column":31},"end":{"line":78,"column":48}}],"line":78},"8":{"loc":{"start":{"line":84,"column":2},"end":{"line":85,"column":null}},"type":"if","locations":[{"start":{"line":84,"column":2},"end":{"line":85,"column":null}},{"start":{},"end":{}}],"line":84},"9":{"loc":{"start":{"line":92,"column":2},"end":{"line":93,"column":null}},"type":"if","locations":[{"start":{"line":92,"column":2},"end":{"line":93,"column":null}},{"start":{},"end":{}}],"line":92},"10":{"loc":{"start":{"line":98,"column":2},"end":{"line":99,"column":null}},"type":"if","locations":[{"start":{"line":98,"column":2},"end":{"line":99,"column":null}},{"start":{},"end":{}}],"line":98},"11":{"loc":{"start":{"line":105,"column":2},"end":{"line":106,"column":null}},"type":"if","locations":[{"start":{"line":105,"column":2},"end":{"line":106,"column":null}},{"start":{},"end":{}}],"line":105},"12":{"loc":{"start":{"line":113,"column":2},"end":{"line":114,"column":null}},"type":"if","locations":[{"start":{"line":113,"column":2},"end":{"line":114,"column":null}},{"start":{},"end":{}}],"line":113},"13":{"loc":{"start":{"line":122,"column":17},"end":{"line":122,"column":68}},"type":"binary-expr","locations":[{"start":{"line":122,"column":17},"end":{"line":122,"column":62}},{"start":{"line":122,"column":66},"end":{"line":122,"column":68}}],"line":122},"14":{"loc":{"start":{"line":125,"column":6},"end":{"line":125,"column":null}},"type":"if","locations":[{"start":{"line":125,"column":6},"end":{"line":125,"column":null}},{"start":{},"end":{}}],"line":125},"15":{"loc":{"start":{"line":125,"column":10},"end":{"line":125,"column":63}},"type":"binary-expr","locations":[{"start":{"line":125,"column":10},"end":{"line":125,"column":37}},{"start":{"line":125,"column":41},"end":{"line":125,"column":63}}],"line":125},"16":{"loc":{"start":{"line":127,"column":6},"end":{"line":128,"column":null}},"type":"if","locations":[{"start":{"line":127,"column":6},"end":{"line":128,"column":null}},{"start":{},"end":{}}],"line":127},"17":{"loc":{"start":{"line":133,"column":2},"end":{"line":134,"column":null}},"type":"if","locations":[{"start":{"line":133,"column":2},"end":{"line":134,"column":null}},{"start":{},"end":{}}],"line":133},"18":{"loc":{"start":{"line":142,"column":2},"end":{"line":143,"column":null}},"type":"if","locations":[{"start":{"line":142,"column":2},"end":{"line":143,"column":null}},{"start":{},"end":{}}],"line":142},"19":{"loc":{"start":{"line":142,"column":6},"end":{"line":142,"column":58}},"type":"binary-expr","locations":[{"start":{"line":142,"column":6},"end":{"line":142,"column":30}},{"start":{"line":142,"column":34},"end":{"line":142,"column":58}}],"line":142},"20":{"loc":{"start":{"line":155,"column":60},"end":{"line":155,"column":139}},"type":"binary-expr","locations":[{"start":{"line":155,"column":60},"end":{"line":155,"column":77}},{"start":{"line":155,"column":77},"end":{"line":155,"column":95}},{"start":{"line":155,"column":99},"end":{"line":155,"column":117}},{"start":{"line":155,"column":121},"end":{"line":155,"column":139}}],"line":155},"21":{"loc":{"start":{"line":157,"column":6},"end":{"line":157,"column":null}},"type":"if","locations":[{"start":{"line":157,"column":6},"end":{"line":157,"column":null}},{"start":{},"end":{}}],"line":157},"22":{"loc":{"start":{"line":161,"column":2},"end":{"line":162,"column":null}},"type":"if","locations":[{"start":{"line":161,"column":2},"end":{"line":162,"column":null}},{"start":{},"end":{}}],"line":161},"23":{"loc":{"start":{"line":190,"column":49},"end":{"line":190,"column":95}},"type":"binary-expr","locations":[{"start":{"line":190,"column":49},"end":{"line":190,"column":72}},{"start":{"line":190,"column":72},"end":{"line":190,"column":95}}],"line":190},"24":{"loc":{"start":{"line":195,"column":2},"end":{"line":196,"column":null}},"type":"if","locations":[{"start":{"line":195,"column":2},"end":{"line":196,"column":null}},{"start":{"line":196,"column":11},"end":{"line":196,"column":null}}],"line":195},"25":{"loc":{"start":{"line":196,"column":11},"end":{"line":196,"column":null}},"type":"if","locations":[{"start":{"line":196,"column":11},"end":{"line":196,"column":null}},{"start":{},"end":{}}],"line":196}},"s":{"0":5,"1":5,"2":5,"3":9,"4":1,"5":1,"6":1,"7":1,"8":1,"9":0,"10":4,"11":5,"12":5,"13":20,"14":5,"15":5,"16":20,"17":5,"18":15,"19":15,"20":15,"21":12,"22":12,"23":33,"24":2,"25":12,"26":12,"27":12,"28":12,"29":1,"30":5,"31":4,"32":1,"33":5,"34":5,"35":4,"36":1,"37":1,"38":1,"39":0,"40":1,"41":1,"42":1,"43":0,"44":1,"45":5,"46":5,"47":0,"48":5,"49":5,"50":0,"51":5,"52":0,"53":0,"54":0,"55":0,"56":0,"57":0,"58":0,"59":0,"60":0,"61":5,"62":5,"63":0,"64":5,"65":5,"66":5,"67":0,"68":5,"69":5,"70":0,"71":0,"72":5,"73":0,"74":5,"75":0,"76":0,"77":0,"78":0,"79":0,"80":0,"81":0,"82":5,"83":5,"84":0,"85":5,"86":5,"87":25,"88":5,"89":25,"90":5,"91":3,"92":3,"93":10,"94":3,"95":3,"96":10,"97":3,"98":3,"99":3,"100":3,"101":1,"102":2,"103":0,"104":3},"f":{"0":5,"1":5,"2":20,"3":33,"4":5,"5":5,"6":0,"7":5,"8":0,"9":0,"10":0,"11":0,"12":0,"13":5,"14":25,"15":25,"16":3,"17":10,"18":10},"b":{"0":[1,8],"1":[1,0],"2":[1,1],"3":[5,15],"4":[12,0],"5":[2,10],"6":[1,11],"7":[12,2],"8":[4,1],"9":[4,1],"10":[0,1],"11":[0,1],"12":[0,5],"13":[0,0],"14":[0,0],"15":[0,0],"16":[0,0],"17":[5,0],"18":[0,5],"19":[5,5],"20":[0,0,0,0],"21":[0,0],"22":[5,0],"23":[10,9],"24":[1,2],"25":[0,2]},"meta":{"lastBranch":26,"lastFunction":19,"lastStatement":105,"seen":{"f:44:9:44:25":0,"s:45:19:45:50":0,"s:46:19:46:50":1,"s:48:2:56:Infinity":2,"b:49:4:56:Infinity:undefined:undefined:undefined:undefined":0,"s:49:4:56:Infinity":3,"s:50:22:50:52":4,"s:51:23:51:61":5,"s:52:27:52:71":6,"b:53:6:54:Infinity:undefined:undefined:undefined:undefined":1,"s:53:6:54:Infinity":7,"b:53:10:53:22:53:22:53:36":2,"s:54:8:54:Infinity":8,"s:56:6:56:Infinity":9,"s:59:2:59:Infinity":10,"f:62:9:62:24":1,"s:63:26:63:Infinity":11,"s:64:21:64:96":12,"f:64:65:64:69":2,"s:64:74:64:95":13,"s:65:26:65:28":14,"s:67:2:81:Infinity":15,"b:68:4:68:Infinity:undefined:undefined:undefined:undefined":3,"s:68:4:68:Infinity":16,"s:68:29:68:Infinity":17,"s:69:4:81:Infinity":18,"s:70:20:70:60":19,"s:71:6:79:Infinity":20,"s:72:21:72:58":21,"b:72:45:72:49:72:49:72:58":4,"b:73:8:73:Infinity:undefined:undefined:undefined:undefined":5,"s:73:8:73:Infinity":22,"f:73:28:73:33":3,"s:73:38:73:54":23,"s:73:57:73:Infinity":24,"s:75:25:75:45":25,"s:76:8:79:Infinity":26,"s:77:23:77:44":27,"b:78:10:78:Infinity:undefined:undefined:undefined:undefined":6,"s:78:10:78:Infinity":28,"b:78:14:78:27:78:31:78:48":7,"s:78:48:78:Infinity":29,"b:84:2:85:Infinity:undefined:undefined:undefined:undefined":8,"s:84:2:85:Infinity":30,"s:85:4:85:Infinity":31,"s:87:2:87:Infinity":32,"f:90:9:90:31":4,"s:91:20:91:64":33,"b:92:2:93:Infinity:undefined:undefined:undefined:undefined":9,"s:92:2:93:Infinity":34,"s:93:4:93:Infinity":35,"s:96:18:96:53":36,"s:97:20:97:56":37,"b:98:2:99:Infinity:undefined:undefined:undefined:undefined":10,"s:98:2:99:Infinity":38,"s:99:4:99:Infinity":39,"s:102:19:102:41":40,"s:103:20:103:76":41,"b:105:2:106:Infinity:undefined:undefined:undefined:undefined":11,"s:105:2:106:Infinity":42,"s:106:4:106:Infinity":43,"s:108:2:108:Infinity":44,"f:111:9:111:25":5,"s:112:19:112:58":45,"b:113:2:114:Infinity:undefined:undefined:undefined:undefined":12,"s:113:2:114:Infinity":46,"s:114:4:114:Infinity":47,"s:117:27:117:29":48,"s:118:16:118:71":49,"f:118:41:118:48":6,"s:118:53:118:70":50,"s:120:2:128:Infinity":51,"s:121:20:121:71":52,"s:122:17:122:68":53,"b:122:17:122:62:122:66:122:68":13,"s:123:4:128:Infinity":54,"s:124:23:124:44":55,"b:125:6:125:Infinity:undefined:undefined:undefined:undefined":14,"s:125:6:125:Infinity":56,"b:125:10:125:37:125:41:125:63":15,"s:125:65:125:Infinity":57,"s:126:23:126:51":58,"b:127:6:128:Infinity:undefined:undefined:undefined:undefined":16,"s:127:6:128:Infinity":59,"s:128:8:128:Infinity":60,"b:133:2:134:Infinity:undefined:undefined:undefined:undefined":17,"s:133:2:134:Infinity":61,"s:134:4:134:Infinity":62,"s:136:2:136:Infinity":63,"f:139:9:139:26":7,"s:140:19:140:58":64,"s:141:19:141:60":65,"b:142:2:143:Infinity:undefined:undefined:undefined:undefined":18,"s:142:2:143:Infinity":66,"b:142:6:142:30:142:34:142:58":19,"s:143:4:143:Infinity":67,"s:147:14:147:Infinity":68,"s:148:23:150:63":69,"f:149:5:149:12":8,"s:149:17:149:34":70,"f:150:5:150:9":9,"s:150:14:150:62":71,"s:152:21:152:76":72,"f:152:46:152:53":10,"s:152:58:152:75":73,"s:153:2:157:Infinity":74,"s:154:25:154:74":75,"s:155:23:155:140":76,"f:155:48:155:55":11,"s:155:60:155:139":77,"b:155:60:155:77:155:77:155:95:155:99:155:117:155:121:155:139":20,"s:156:4:157:Infinity":78,"b:157:6:157:Infinity:undefined:undefined:undefined:undefined":21,"s:157:6:157:Infinity":79,"f:157:23:157:28":12,"s:157:34:157:51":80,"s:157:54:157:Infinity":81,"b:161:2:162:Infinity:undefined:undefined:undefined:undefined":22,"s:161:2:162:Infinity":82,"s:162:4:162:Infinity":83,"s:164:2:164:Infinity":84,"f:169:16:169:37":13,"s:170:17:176:Infinity":85,"s:178:17:178:Infinity":86,"f:178:24:178:31":14,"s:178:36:178:56":87,"s:179:17:179:Infinity":88,"f:179:24:179:31":15,"s:179:36:179:56":89,"s:181:2:181:Infinity":90,"f:186:16:186:35":16,"s:187:16:187:Infinity":91,"s:188:17:188:Infinity":92,"f:188:24:188:31":17,"s:188:36:188:56":93,"s:189:17:189:Infinity":94,"s:190:30:190:Infinity":95,"f:190:37:190:44":18,"s:190:49:190:95":96,"b:190:49:190:72:190:72:190:95":23,"s:191:20:191:Infinity":97,"s:192:20:192:Infinity":98,"s:194:29:194:Infinity":99,"b:195:2:196:Infinity:196:11:196:Infinity":24,"s:195:2:196:Infinity":100,"s:195:22:195:Infinity":101,"b:196:11:196:Infinity:undefined:undefined:undefined:undefined":25,"s:196:11:196:Infinity":102,"s:196:27:196:Infinity":103,"s:198:2:203:Infinity":104}}}
,"/Users/noir/Projects/a-team/lib/analytics.ts": {"path":"/Users/noir/Projects/a-team/lib/analytics.ts","statementMap":{"0":{"start":{"line":124,"column":32},"end":{"line":127,"column":null}},"1":{"start":{"line":129,"column":2},"end":{"line":129,"column":null}},"2":{"start":{"line":130,"column":2},"end":{"line":130,"column":null}},"3":{"start":{"line":136,"column":35},"end":{"line":136,"column":37}},"4":{"start":{"line":137,"column":2},"end":{"line":145,"column":null}},"5":{"start":{"line":138,"column":20},"end":{"line":138,"column":31}},"6":{"start":{"line":139,"column":4},"end":{"line":139,"column":null}},"7":{"start":{"line":139,"column":18},"end":{"line":139,"column":null}},"8":{"start":{"line":140,"column":4},"end":{"line":145,"column":null}},"9":{"start":{"line":141,"column":18},"end":{"line":141,"column":37}},"10":{"start":{"line":142,"column":6},"end":{"line":143,"column":null}},"11":{"start":{"line":143,"column":8},"end":{"line":143,"column":null}},"12":{"start":{"line":149,"column":2},"end":{"line":149,"column":null}},"13":{"start":{"line":155,"column":2},"end":{"line":155,"column":null}},"14":{"start":{"line":155,"column":24},"end":{"line":155,"column":null}},"15":{"start":{"line":157,"column":16},"end":{"line":157,"column":40}},"16":{"start":{"line":158,"column":2},"end":{"line":158,"column":null}},"17":{"start":{"line":158,"column":14},"end":{"line":158,"column":null}},"18":{"start":{"line":160,"column":15},"end":{"line":160,"column":37}},"19":{"start":{"line":161,"column":17},"end":{"line":161,"column":66}},"20":{"start":{"line":163,"column":2},"end":{"line":166,"column":null}},"21":{"start":{"line":164,"column":14},"end":{"line":164,"column":28}},"22":{"start":{"line":165,"column":4},"end":{"line":165,"column":null}},"23":{"start":{"line":172,"column":22},"end":{"line":172,"column":125}},"24":{"start":{"line":172,"column":41},"end":{"line":172,"column":125}},"25":{"start":{"line":173,"column":21},"end":{"line":173,"column":64}},"26":{"start":{"line":173,"column":40},"end":{"line":173,"column":64}},"27":{"start":{"line":174,"column":21},"end":{"line":174,"column":67}},"28":{"start":{"line":174,"column":40},"end":{"line":174,"column":67}},"29":{"start":{"line":175,"column":23},"end":{"line":175,"column":69}},"30":{"start":{"line":175,"column":42},"end":{"line":175,"column":69}},"31":{"start":{"line":177,"column":26},"end":{"line":177,"column":28}},"32":{"start":{"line":178,"column":2},"end":{"line":178,"column":null}},"33":{"start":{"line":179,"column":2},"end":{"line":179,"column":null}},"34":{"start":{"line":180,"column":2},"end":{"line":180,"column":null}},"35":{"start":{"line":182,"column":22},"end":{"line":182,"column":null}},"36":{"start":{"line":183,"column":2},"end":{"line":183,"column":null}},"37":{"start":{"line":186,"column":22},"end":{"line":186,"column":47}},"38":{"start":{"line":187,"column":2},"end":{"line":188,"column":null}},"39":{"start":{"line":188,"column":4},"end":{"line":188,"column":null}},"40":{"start":{"line":191,"column":2},"end":{"line":201,"column":null}},"41":{"start":{"line":192,"column":4},"end":{"line":192,"column":null}},"42":{"start":{"line":193,"column":4},"end":{"line":193,"column":null}},"43":{"start":{"line":195,"column":19},"end":{"line":195,"column":73}},"44":{"start":{"line":195,"column":61},"end":{"line":195,"column":73}},"45":{"start":{"line":196,"column":4},"end":{"line":201,"column":null}},"46":{"start":{"line":197,"column":20},"end":{"line":197,"column":null}},"47":{"start":{"line":198,"column":21},"end":{"line":198,"column":null}},"48":{"start":{"line":199,"column":21},"end":{"line":199,"column":67}},"49":{"start":{"line":200,"column":19},"end":{"line":200,"column":null}},"50":{"start":{"line":201,"column":6},"end":{"line":201,"column":null}},"51":{"start":{"line":206,"column":21},"end":{"line":206,"column":59}},"52":{"start":{"line":207,"column":2},"end":{"line":210,"column":null}},"53":{"start":{"line":208,"column":4},"end":{"line":208,"column":null}},"54":{"start":{"line":208,"column":33},"end":{"line":208,"column":null}},"55":{"start":{"line":209,"column":14},"end":{"line":209,"column":36}},"56":{"start":{"line":210,"column":4},"end":{"line":210,"column":null}},"57":{"start":{"line":213,"column":2},"end":{"line":222,"column":null}},"58":{"start":{"line":214,"column":4},"end":{"line":214,"column":null}},"59":{"start":{"line":215,"column":4},"end":{"line":215,"column":null}},"60":{"start":{"line":217,"column":24},"end":{"line":217,"column":90}},"61":{"start":{"line":217,"column":65},"end":{"line":217,"column":89}},"62":{"start":{"line":218,"column":4},"end":{"line":222,"column":null}},"63":{"start":{"line":219,"column":20},"end":{"line":221,"column":38}},"64":{"start":{"line":220,"column":24},"end":{"line":220,"column":36}},"65":{"start":{"line":221,"column":25},"end":{"line":221,"column":38}},"66":{"start":{"line":222,"column":6},"end":{"line":222,"column":null}},"67":{"start":{"line":227,"column":21},"end":{"line":227,"column":46}},"68":{"start":{"line":228,"column":2},"end":{"line":230,"column":null}},"69":{"start":{"line":229,"column":4},"end":{"line":230,"column":null}},"70":{"start":{"line":230,"column":6},"end":{"line":230,"column":null}},"71":{"start":{"line":234,"column":2},"end":{"line":243,"column":null}},"72":{"start":{"line":235,"column":4},"end":{"line":235,"column":null}},"73":{"start":{"line":236,"column":4},"end":{"line":236,"column":null}},"74":{"start":{"line":238,"column":24},"end":{"line":238,"column":77}},"75":{"start":{"line":238,"column":65},"end":{"line":238,"column":77}},"76":{"start":{"line":239,"column":4},"end":{"line":243,"column":null}},"77":{"start":{"line":240,"column":21},"end":{"line":240,"column":null}},"78":{"start":{"line":241,"column":21},"end":{"line":241,"column":69}},"79":{"start":{"line":242,"column":19},"end":{"line":242,"column":null}},"80":{"start":{"line":243,"column":6},"end":{"line":243,"column":null}},"81":{"start":{"line":248,"column":2},"end":{"line":256,"column":null}},"82":{"start":{"line":249,"column":19},"end":{"line":249,"column":null}},"83":{"start":{"line":249,"column":45},"end":{"line":249,"column":69}},"84":{"start":{"line":250,"column":4},"end":{"line":250,"column":null}},"85":{"start":{"line":251,"column":4},"end":{"line":251,"column":null}},"86":{"start":{"line":252,"column":4},"end":{"line":252,"column":null}},"87":{"start":{"line":252,"column":43},"end":{"line":252,"column":null}},"88":{"start":{"line":253,"column":4},"end":{"line":253,"column":null}},"89":{"start":{"line":253,"column":40},"end":{"line":253,"column":null}},"90":{"start":{"line":254,"column":4},"end":{"line":254,"column":null}},"91":{"start":{"line":254,"column":47},"end":{"line":254,"column":null}},"92":{"start":{"line":255,"column":4},"end":{"line":255,"column":null}},"93":{"start":{"line":255,"column":45},"end":{"line":255,"column":null}},"94":{"start":{"line":256,"column":4},"end":{"line":256,"column":null}},"95":{"start":{"line":256,"column":43},"end":{"line":256,"column":null}},"96":{"start":{"line":260,"column":2},"end":{"line":269,"column":null}},"97":{"start":{"line":261,"column":19},"end":{"line":261,"column":84}},"98":{"start":{"line":261,"column":47},"end":{"line":261,"column":71}},"99":{"start":{"line":262,"column":19},"end":{"line":262,"column":73}},"100":{"start":{"line":262,"column":35},"end":{"line":262,"column":54}},"101":{"start":{"line":262,"column":67},"end":{"line":262,"column":73}},"102":{"start":{"line":263,"column":16},"end":{"line":263,"column":null}},"103":{"start":{"line":263,"column":56},"end":{"line":263,"column":63}},"104":{"start":{"line":264,"column":19},"end":{"line":264,"column":null}},"105":{"start":{"line":265,"column":4},"end":{"line":265,"column":null}},"106":{"start":{"line":266,"column":4},"end":{"line":266,"column":null}},"107":{"start":{"line":267,"column":4},"end":{"line":267,"column":null}},"108":{"start":{"line":268,"column":4},"end":{"line":268,"column":null}},"109":{"start":{"line":268,"column":42},"end":{"line":268,"column":null}},"110":{"start":{"line":269,"column":4},"end":{"line":269,"column":null}},"111":{"start":{"line":269,"column":27},"end":{"line":269,"column":null}},"112":{"start":{"line":273,"column":22},"end":{"line":273,"column":null}},"113":{"start":{"line":274,"column":21},"end":{"line":274,"column":null}},"114":{"start":{"line":275,"column":2},"end":{"line":275,"column":null}},"115":{"start":{"line":276,"column":2},"end":{"line":276,"column":null}},"116":{"start":{"line":278,"column":2},"end":{"line":278,"column":null}},"117":{"start":{"line":294,"column":2},"end":{"line":305,"column":null}},"118":{"start":{"line":338,"column":16},"end":{"line":338,"column":39}},"119":{"start":{"line":339,"column":2},"end":{"line":339,"column":null}}},"fnMap":{"0":{"name":"logEvent","decl":{"start":{"line":120,"column":16},"end":{"line":120,"column":null}},"loc":{"start":{"line":123,"column":8},"end":{"line":130,"column":null}},"line":123},"1":{"name":"parseJSONL","decl":{"start":{"line":135,"column":16},"end":{"line":135,"column":27}},"loc":{"start":{"line":135,"column":62},"end":{"line":149,"column":null}},"line":135},"2":{"name":"filterByPeriod","decl":{"start":{"line":154,"column":16},"end":{"line":154,"column":31}},"loc":{"start":{"line":154,"column":91},"end":{"line":166,"column":null}},"line":154},"3":{"name":"(anonymous_3)","decl":{"start":{"line":163,"column":16},"end":{"line":163,"column":23}},"loc":{"start":{"line":163,"column":28},"end":{"line":166,"column":null}},"line":163},"4":{"name":"formatReport","decl":{"start":{"line":171,"column":16},"end":{"line":171,"column":29}},"loc":{"start":{"line":171,"column":79},"end":{"line":278,"column":null}},"line":171},"5":{"name":"(anonymous_5)","decl":{"start":{"line":172,"column":29},"end":{"line":172,"column":36}},"loc":{"start":{"line":172,"column":41},"end":{"line":172,"column":125}},"line":172},"6":{"name":"(anonymous_6)","decl":{"start":{"line":173,"column":28},"end":{"line":173,"column":35}},"loc":{"start":{"line":173,"column":40},"end":{"line":173,"column":64}},"line":173},"7":{"name":"(anonymous_7)","decl":{"start":{"line":174,"column":28},"end":{"line":174,"column":35}},"loc":{"start":{"line":174,"column":40},"end":{"line":174,"column":67}},"line":174},"8":{"name":"(anonymous_8)","decl":{"start":{"line":175,"column":30},"end":{"line":175,"column":37}},"loc":{"start":{"line":175,"column":42},"end":{"line":175,"column":69}},"line":175},"9":{"name":"(anonymous_9)","decl":{"start":{"line":195,"column":46},"end":{"line":195,"column":52}},"loc":{"start":{"line":195,"column":61},"end":{"line":195,"column":73}},"line":195},"10":{"name":"(anonymous_10)","decl":{"start":{"line":217,"column":50},"end":{"line":217,"column":56}},"loc":{"start":{"line":217,"column":65},"end":{"line":217,"column":89}},"line":217},"11":{"name":"(anonymous_11)","decl":{"start":{"line":220,"column":9},"end":{"line":220,"column":15}},"loc":{"start":{"line":220,"column":24},"end":{"line":220,"column":36}},"line":220},"12":{"name":"(anonymous_12)","decl":{"start":{"line":221,"column":9},"end":{"line":221,"column":14}},"loc":{"start":{"line":221,"column":25},"end":{"line":221,"column":38}},"line":221},"13":{"name":"(anonymous_13)","decl":{"start":{"line":238,"column":50},"end":{"line":238,"column":56}},"loc":{"start":{"line":238,"column":65},"end":{"line":238,"column":77}},"line":238},"14":{"name":"(anonymous_14)","decl":{"start":{"line":249,"column":30},"end":{"line":249,"column":36}},"loc":{"start":{"line":249,"column":45},"end":{"line":249,"column":69}},"line":249},"15":{"name":"(anonymous_15)","decl":{"start":{"line":261,"column":32},"end":{"line":261,"column":38}},"loc":{"start":{"line":261,"column":47},"end":{"line":261,"column":71}},"line":261},"16":{"name":"(anonymous_16)","decl":{"start":{"line":262,"column":26},"end":{"line":262,"column":30}},"loc":{"start":{"line":262,"column":35},"end":{"line":262,"column":54}},"line":262},"17":{"name":"(anonymous_17)","decl":{"start":{"line":262,"column":55},"end":{"line":262,"column":62}},"loc":{"start":{"line":262,"column":67},"end":{"line":262,"column":73}},"line":262},"18":{"name":"(anonymous_18)","decl":{"start":{"line":263,"column":39},"end":{"line":263,"column":47}},"loc":{"start":{"line":263,"column":56},"end":{"line":263,"column":63}},"line":263},"19":{"name":"logDesignAudit","decl":{"start":{"line":289,"column":16},"end":{"line":289,"column":null}},"loc":{"start":{"line":293,"column":8},"end":{"line":305,"column":null}},"line":293},"20":{"name":"logMarketingEvent","decl":{"start":{"line":322,"column":16},"end":{"line":322,"column":null}},"loc":{"start":{"line":337,"column":8},"end":{"line":339,"column":null}},"line":337}},"branchMap":{"0":{"loc":{"start":{"line":126,"column":8},"end":{"line":126,"column":null}},"type":"binary-expr","locations":[{"start":{"line":126,"column":8},"end":{"line":126,"column":22}},{"start":{"line":126,"column":22},"end":{"line":126,"column":null}}],"line":126},"1":{"loc":{"start":{"line":139,"column":4},"end":{"line":139,"column":null}},"type":"if","locations":[{"start":{"line":139,"column":4},"end":{"line":139,"column":null}},{"start":{},"end":{}}],"line":139},"2":{"loc":{"start":{"line":142,"column":6},"end":{"line":143,"column":null}},"type":"if","locations":[{"start":{"line":142,"column":6},"end":{"line":143,"column":null}},{"start":{},"end":{}}],"line":142},"3":{"loc":{"start":{"line":142,"column":10},"end":{"line":142,"column":81}},"type":"binary-expr","locations":[{"start":{"line":142,"column":10},"end":{"line":142,"column":37}},{"start":{"line":142,"column":37},"end":{"line":142,"column":53}},{"start":{"line":142,"column":53},"end":{"line":142,"column":81}}],"line":142},"4":{"loc":{"start":{"line":155,"column":2},"end":{"line":155,"column":null}},"type":"if","locations":[{"start":{"line":155,"column":2},"end":{"line":155,"column":null}},{"start":{},"end":{}}],"line":155},"5":{"loc":{"start":{"line":158,"column":2},"end":{"line":158,"column":null}},"type":"if","locations":[{"start":{"line":158,"column":2},"end":{"line":158,"column":null}},{"start":{},"end":{}}],"line":158},"6":{"loc":{"start":{"line":165,"column":11},"end":{"line":165,"column":null}},"type":"binary-expr","locations":[{"start":{"line":165,"column":11},"end":{"line":165,"column":30}},{"start":{"line":165,"column":34},"end":{"line":165,"column":null}}],"line":165},"7":{"loc":{"start":{"line":171,"column":55},"end":{"line":171,"column":79}},"type":"default-arg","locations":[{"start":{"line":171,"column":64},"end":{"line":171,"column":79}}],"line":171},"8":{"loc":{"start":{"line":172,"column":41},"end":{"line":172,"column":125}},"type":"binary-expr","locations":[{"start":{"line":172,"column":41},"end":{"line":172,"column":68}},{"start":{"line":172,"column":68},"end":{"line":172,"column":98}},{"start":{"line":172,"column":98},"end":{"line":172,"column":125}}],"line":172},"9":{"loc":{"start":{"line":182,"column":22},"end":{"line":182,"column":null}},"type":"cond-expr","locations":[{"start":{"line":182,"column":41},"end":{"line":182,"column":54}},{"start":{"line":182,"column":54},"end":{"line":182,"column":null}}],"line":182},"10":{"loc":{"start":{"line":188,"column":30},"end":{"line":188,"column":63}},"type":"binary-expr","locations":[{"start":{"line":188,"column":30},"end":{"line":188,"column":54}},{"start":{"line":188,"column":58},"end":{"line":188,"column":63}}],"line":188},"11":{"loc":{"start":{"line":191,"column":2},"end":{"line":201,"column":null}},"type":"if","locations":[{"start":{"line":191,"column":2},"end":{"line":201,"column":null}},{"start":{},"end":{}}],"line":191},"12":{"loc":{"start":{"line":198,"column":43},"end":{"line":198,"column":null}},"type":"cond-expr","locations":[{"start":{"line":198,"column":57},"end":{"line":198,"column":62}},{"start":{"line":198,"column":62},"end":{"line":198,"column":null}}],"line":198},"13":{"loc":{"start":{"line":208,"column":4},"end":{"line":208,"column":null}},"type":"if","locations":[{"start":{"line":208,"column":4},"end":{"line":208,"column":null}},{"start":{},"end":{}}],"line":208},"14":{"loc":{"start":{"line":210,"column":20},"end":{"line":210,"column":43}},"type":"binary-expr","locations":[{"start":{"line":210,"column":20},"end":{"line":210,"column":34}},{"start":{"line":210,"column":38},"end":{"line":210,"column":43}}],"line":210},"15":{"loc":{"start":{"line":213,"column":2},"end":{"line":222,"column":null}},"type":"if","locations":[{"start":{"line":213,"column":2},"end":{"line":222,"column":null}},{"start":{},"end":{}}],"line":213},"16":{"loc":{"start":{"line":229,"column":4},"end":{"line":230,"column":null}},"type":"if","locations":[{"start":{"line":229,"column":4},"end":{"line":230,"column":null}},{"start":{},"end":{}}],"line":229},"17":{"loc":{"start":{"line":230,"column":33},"end":{"line":230,"column":67}},"type":"binary-expr","locations":[{"start":{"line":230,"column":33},"end":{"line":230,"column":58}},{"start":{"line":230,"column":62},"end":{"line":230,"column":67}}],"line":230},"18":{"loc":{"start":{"line":234,"column":2},"end":{"line":243,"column":null}},"type":"if","locations":[{"start":{"line":234,"column":2},"end":{"line":243,"column":null}},{"start":{},"end":{}}],"line":234},"19":{"loc":{"start":{"line":240,"column":37},"end":{"line":240,"column":null}},"type":"cond-expr","locations":[{"start":{"line":240,"column":51},"end":{"line":240,"column":56}},{"start":{"line":240,"column":56},"end":{"line":240,"column":null}}],"line":240},"20":{"loc":{"start":{"line":248,"column":2},"end":{"line":256,"column":null}},"type":"if","locations":[{"start":{"line":248,"column":2},"end":{"line":256,"column":null}},{"start":{},"end":{}}],"line":248},"21":{"loc":{"start":{"line":252,"column":4},"end":{"line":252,"column":null}},"type":"if","locations":[{"start":{"line":252,"column":4},"end":{"line":252,"column":null}},{"start":{},"end":{}}],"line":252},"22":{"loc":{"start":{"line":253,"column":4},"end":{"line":253,"column":null}},"type":"if","locations":[{"start":{"line":253,"column":4},"end":{"line":253,"column":null}},{"start":{},"end":{}}],"line":253},"23":{"loc":{"start":{"line":254,"column":4},"end":{"line":254,"column":null}},"type":"if","locations":[{"start":{"line":254,"column":4},"end":{"line":254,"column":null}},{"start":{},"end":{}}],"line":254},"24":{"loc":{"start":{"line":255,"column":4},"end":{"line":255,"column":null}},"type":"if","locations":[{"start":{"line":255,"column":4},"end":{"line":255,"column":null}},{"start":{},"end":{}}],"line":255},"25":{"loc":{"start":{"line":256,"column":4},"end":{"line":256,"column":null}},"type":"if","locations":[{"start":{"line":256,"column":4},"end":{"line":256,"column":null}},{"start":{},"end":{}}],"line":256},"26":{"loc":{"start":{"line":260,"column":2},"end":{"line":269,"column":null}},"type":"if","locations":[{"start":{"line":260,"column":2},"end":{"line":269,"column":null}},{"start":{},"end":{}}],"line":260},"27":{"loc":{"start":{"line":262,"column":35},"end":{"line":262,"column":54}},"type":"binary-expr","locations":[{"start":{"line":262,"column":35},"end":{"line":262,"column":52}},{"start":{"line":262,"column":52},"end":{"line":262,"column":54}}],"line":262},"28":{"loc":{"start":{"line":263,"column":16},"end":{"line":263,"column":null}},"type":"cond-expr","locations":[{"start":{"line":263,"column":32},"end":{"line":263,"column":84}},{"start":{"line":263,"column":84},"end":{"line":263,"column":null}}],"line":263},"29":{"loc":{"start":{"line":268,"column":4},"end":{"line":268,"column":null}},"type":"if","locations":[{"start":{"line":268,"column":4},"end":{"line":268,"column":null}},{"start":{},"end":{}}],"line":268},"30":{"loc":{"start":{"line":268,"column":93},"end":{"line":268,"column":122}},"type":"binary-expr","locations":[{"start":{"line":268,"column":93},"end":{"line":268,"column":120}},{"start":{"line":268,"column":120},"end":{"line":268,"column":122}}],"line":268},"31":{"loc":{"start":{"line":268,"column":137},"end":{"line":268,"column":170}},"type":"binary-expr","locations":[{"start":{"line":268,"column":137},"end":{"line":268,"column":168}},{"start":{"line":268,"column":168},"end":{"line":268,"column":170}}],"line":268},"32":{"loc":{"start":{"line":269,"column":4},"end":{"line":269,"column":null}},"type":"if","locations":[{"start":{"line":269,"column":4},"end":{"line":269,"column":null}},{"start":{},"end":{}}],"line":269},"33":{"loc":{"start":{"line":276,"column":54},"end":{"line":276,"column":83}},"type":"cond-expr","locations":[{"start":{"line":276,"column":74},"end":{"line":276,"column":79}},{"start":{"line":276,"column":79},"end":{"line":276,"column":83}}],"line":276},"34":{"loc":{"start":{"line":276,"column":110},"end":{"line":276,"column":140}},"type":"cond-expr","locations":[{"start":{"line":276,"column":129},"end":{"line":276,"column":134}},{"start":{"line":276,"column":134},"end":{"line":276,"column":140}}],"line":276}},"s":{"0":6,"1":6,"2":6,"3":7,"4":7,"5":16,"6":16,"7":8,"8":8,"9":8,"10":8,"11":7,"12":7,"13":3,"14":1,"15":2,"16":2,"17":0,"18":2,"19":2,"20":2,"21":6,"22":6,"23":2,"24":4,"25":2,"26":4,"27":2,"28":4,"29":2,"30":4,"31":2,"32":2,"33":2,"34":2,"35":2,"36":2,"37":2,"38":2,"39":3,"40":2,"41":1,"42":1,"43":1,"44":1,"45":1,"46":2,"47":2,"48":2,"49":2,"50":2,"51":2,"52":2,"53":3,"54":2,"55":3,"56":3,"57":2,"58":1,"59":1,"60":1,"61":1,"62":1,"63":2,"64":0,"65":2,"66":2,"67":2,"68":2,"69":1,"70":1,"71":2,"72":1,"73":1,"74":1,"75":0,"76":1,"77":1,"78":1,"79":1,"80":1,"81":2,"82":0,"83":0,"84":0,"85":0,"86":0,"87":0,"88":0,"89":0,"90":0,"91":0,"92":0,"93":0,"94":0,"95":0,"96":2,"97":0,"98":0,"99":0,"100":0,"101":0,"102":0,"103":0,"104":0,"105":0,"106":0,"107":0,"108":0,"109":0,"110":0,"111":0,"112":2,"113":2,"114":2,"115":2,"116":2,"117":0,"118":3,"119":3},"f":{"0":6,"1":7,"2":3,"3":6,"4":2,"5":4,"6":4,"7":4,"8":4,"9":1,"10":1,"11":0,"12":2,"13":0,"14":0,"15":0,"16":0,"17":0,"18":0,"19":0,"20":3},"b":{"0":[6,6],"1":[8,8],"2":[7,1],"3":[8,7,7],"4":[1,2],"5":[0,2],"6":[6,6],"7":[2],"8":[4,3,3],"9":[2,0],"10":[3,2],"11":[1,1],"12":[1,1],"13":[2,1],"14":[3,2],"15":[1,1],"16":[1,0],"17":[1,1],"18":[1,1],"19":[1,0],"20":[0,2],"21":[0,0],"22":[0,0],"23":[0,0],"24":[0,0],"25":[0,0],"26":[0,2],"27":[0,0],"28":[0,0],"29":[0,0],"30":[0,0],"31":[0,0],"32":[0,0],"33":[0,2],"34":[1,1]},"meta":{"lastBranch":35,"lastFunction":21,"lastStatement":120,"seen":{"f:120:16:120:Infinity":0,"s:124:32:127:Infinity":0,"b:126:8:126:22:126:22:126:Infinity":0,"s:129:2:129:Infinity":1,"s:130:2:130:Infinity":2,"f:135:16:135:27":1,"s:136:35:136:37":3,"s:137:2:145:Infinity":4,"s:138:20:138:31":5,"b:139:4:139:Infinity:undefined:undefined:undefined:undefined":1,"s:139:4:139:Infinity":6,"s:139:18:139:Infinity":7,"s:140:4:145:Infinity":8,"s:141:18:141:37":9,"b:142:6:143:Infinity:undefined:undefined:undefined:undefined":2,"s:142:6:143:Infinity":10,"b:142:10:142:37:142:37:142:53:142:53:142:81":3,"s:143:8:143:Infinity":11,"s:149:2:149:Infinity":12,"f:154:16:154:31":2,"b:155:2:155:Infinity:undefined:undefined:undefined:undefined":4,"s:155:2:155:Infinity":13,"s:155:24:155:Infinity":14,"s:157:16:157:40":15,"b:158:2:158:Infinity:undefined:undefined:undefined:undefined":5,"s:158:2:158:Infinity":16,"s:158:14:158:Infinity":17,"s:160:15:160:37":18,"s:161:17:161:66":19,"s:163:2:166:Infinity":20,"f:163:16:163:23":3,"s:164:14:164:28":21,"s:165:4:165:Infinity":22,"b:165:11:165:30:165:34:165:Infinity":6,"f:171:16:171:29":4,"b:171:64:171:79":7,"s:172:22:172:125":23,"f:172:29:172:36":5,"s:172:41:172:125":24,"b:172:41:172:68:172:68:172:98:172:98:172:125":8,"s:173:21:173:64":25,"f:173:28:173:35":6,"s:173:40:173:64":26,"s:174:21:174:67":27,"f:174:28:174:35":7,"s:174:40:174:67":28,"s:175:23:175:69":29,"f:175:30:175:37":8,"s:175:42:175:69":30,"s:177:26:177:28":31,"s:178:2:178:Infinity":32,"s:179:2:179:Infinity":33,"s:180:2:180:Infinity":34,"s:182:22:182:Infinity":35,"b:182:41:182:54:182:54:182:Infinity":9,"s:183:2:183:Infinity":36,"s:186:22:186:47":37,"s:187:2:188:Infinity":38,"s:188:4:188:Infinity":39,"b:188:30:188:54:188:58:188:63":10,"b:191:2:201:Infinity:undefined:undefined:undefined:undefined":11,"s:191:2:201:Infinity":40,"s:192:4:192:Infinity":41,"s:193:4:193:Infinity":42,"s:195:19:195:73":43,"f:195:46:195:52":9,"s:195:61:195:73":44,"s:196:4:201:Infinity":45,"s:197:20:197:Infinity":46,"s:198:21:198:Infinity":47,"b:198:57:198:62:198:62:198:Infinity":12,"s:199:21:199:67":48,"s:200:19:200:Infinity":49,"s:201:6:201:Infinity":50,"s:206:21:206:59":51,"s:207:2:210:Infinity":52,"b:208:4:208:Infinity:undefined:undefined:undefined:undefined":13,"s:208:4:208:Infinity":53,"s:208:33:208:Infinity":54,"s:209:14:209:36":55,"s:210:4:210:Infinity":56,"b:210:20:210:34:210:38:210:43":14,"b:213:2:222:Infinity:undefined:undefined:undefined:undefined":15,"s:213:2:222:Infinity":57,"s:214:4:214:Infinity":58,"s:215:4:215:Infinity":59,"s:217:24:217:90":60,"f:217:50:217:56":10,"s:217:65:217:89":61,"s:218:4:222:Infinity":62,"s:219:20:221:38":63,"f:220:9:220:15":11,"s:220:24:220:36":64,"f:221:9:221:14":12,"s:221:25:221:38":65,"s:222:6:222:Infinity":66,"s:227:21:227:46":67,"s:228:2:230:Infinity":68,"b:229:4:230:Infinity:undefined:undefined:undefined:undefined":16,"s:229:4:230:Infinity":69,"s:230:6:230:Infinity":70,"b:230:33:230:58:230:62:230:67":17,"b:234:2:243:Infinity:undefined:undefined:undefined:undefined":18,"s:234:2:243:Infinity":71,"s:235:4:235:Infinity":72,"s:236:4:236:Infinity":73,"s:238:24:238:77":74,"f:238:50:238:56":13,"s:238:65:238:77":75,"s:239:4:243:Infinity":76,"s:240:21:240:Infinity":77,"b:240:51:240:56:240:56:240:Infinity":19,"s:241:21:241:69":78,"s:242:19:242:Infinity":79,"s:243:6:243:Infinity":80,"b:248:2:256:Infinity:undefined:undefined:undefined:undefined":20,"s:248:2:256:Infinity":81,"s:249:19:249:Infinity":82,"f:249:30:249:36":14,"s:249:45:249:69":83,"s:250:4:250:Infinity":84,"s:251:4:251:Infinity":85,"b:252:4:252:Infinity:undefined:undefined:undefined:undefined":21,"s:252:4:252:Infinity":86,"s:252:43:252:Infinity":87,"b:253:4:253:Infinity:undefined:undefined:undefined:undefined":22,"s:253:4:253:Infinity":88,"s:253:40:253:Infinity":89,"b:254:4:254:Infinity:undefined:undefined:undefined:undefined":23,"s:254:4:254:Infinity":90,"s:254:47:254:Infinity":91,"b:255:4:255:Infinity:undefined:undefined:undefined:undefined":24,"s:255:4:255:Infinity":92,"s:255:45:255:Infinity":93,"b:256:4:256:Infinity:undefined:undefined:undefined:undefined":25,"s:256:4:256:Infinity":94,"s:256:43:256:Infinity":95,"b:260:2:269:Infinity:undefined:undefined:undefined:undefined":26,"s:260:2:269:Infinity":96,"s:261:19:261:84":97,"f:261:32:261:38":15,"s:261:47:261:71":98,"s:262:19:262:73":99,"f:262:26:262:30":16,"s:262:35:262:54":100,"b:262:35:262:52:262:52:262:54":27,"f:262:55:262:62":17,"s:262:67:262:73":101,"s:263:16:263:Infinity":102,"b:263:32:263:84:263:84:263:Infinity":28,"f:263:39:263:47":18,"s:263:56:263:63":103,"s:264:19:264:Infinity":104,"s:265:4:265:Infinity":105,"s:266:4:266:Infinity":106,"s:267:4:267:Infinity":107,"b:268:4:268:Infinity:undefined:undefined:undefined:undefined":29,"s:268:4:268:Infinity":108,"s:268:42:268:Infinity":109,"b:268:93:268:120:268:120:268:122":30,"b:268:137:268:168:268:168:268:170":31,"b:269:4:269:Infinity:undefined:undefined:undefined:undefined":32,"s:269:4:269:Infinity":110,"s:269:27:269:Infinity":111,"s:273:22:273:Infinity":112,"s:274:21:274:Infinity":113,"s:275:2:275:Infinity":114,"s:276:2:276:Infinity":115,"b:276:74:276:79:276:79:276:83":33,"b:276:129:276:134:276:134:276:140":34,"s:278:2:278:Infinity":116,"f:289:16:289:Infinity":19,"s:294:2:305:Infinity":117,"f:322:16:322:Infinity":20,"s:338:16:338:39":118,"s:339:2:339:Infinity":119}}}
,"/Users/noir/Projects/a-team/lib/benchmark-gap.ts": {"path":"/Users/noir/Projects/a-team/lib/benchmark-gap.ts","statementMap":{"0":{"start":{"line":56,"column":44},"end":{"line":56,"column":46}},"1":{"start":{"line":57,"column":2},"end":{"line":60,"column":null}},"2":{"start":{"line":58,"column":4},"end":{"line":58,"column":null}},"3":{"start":{"line":58,"column":38},"end":{"line":58,"column":null}},"4":{"start":{"line":59,"column":4},"end":{"line":59,"column":null}},"5":{"start":{"line":59,"column":67},"end":{"line":59,"column":null}},"6":{"start":{"line":60,"column":4},"end":{"line":60,"column":null}},"7":{"start":{"line":62,"column":64},"end":{"line":62,"column":66}},"8":{"start":{"line":63,"column":2},"end":{"line":65,"column":null}},"9":{"start":{"line":64,"column":19},"end":{"line":64,"column":null}},"10":{"start":{"line":64,"column":41},"end":{"line":64,"column":48}},"11":{"start":{"line":65,"column":4},"end":{"line":65,"column":null}},"12":{"start":{"line":67,"column":2},"end":{"line":67,"column":null}},"13":{"start":{"line":71,"column":17},"end":{"line":71,"column":44}},"14":{"start":{"line":72,"column":25},"end":{"line":72,"column":27}},"15":{"start":{"line":73,"column":15},"end":{"line":73,"column":18}},"16":{"start":{"line":73,"column":27},"end":{"line":73,"column":30}},"17":{"start":{"line":73,"column":39},"end":{"line":73,"column":42}},"18":{"start":{"line":73,"column":53},"end":{"line":73,"column":null}},"19":{"start":{"line":74,"column":16},"end":{"line":74,"column":19}},"20":{"start":{"line":74,"column":29},"end":{"line":74,"column":32}},"21":{"start":{"line":74,"column":43},"end":{"line":74,"column":null}},"22":{"start":{"line":76,"column":2},"end":{"line":92,"column":null}},"23":{"start":{"line":77,"column":14},"end":{"line":77,"column":null}},"24":{"start":{"line":78,"column":24},"end":{"line":78,"column":null}},"25":{"start":{"line":79,"column":4},"end":{"line":79,"column":null}},"26":{"start":{"line":80,"column":4},"end":{"line":80,"column":null}},"27":{"start":{"line":81,"column":4},"end":{"line":81,"column":null}},"28":{"start":{"line":82,"column":4},"end":{"line":82,"column":null}},"29":{"start":{"line":83,"column":4},"end":{"line":83,"column":null}},"30":{"start":{"line":83,"column":32},"end":{"line":83,"column":55}},"31":{"start":{"line":83,"column":55},"end":{"line":83,"column":67}},"32":{"start":{"line":83,"column":67},"end":{"line":83,"column":null}},"33":{"start":{"line":84,"column":4},"end":{"line":92,"column":null}},"34":{"start":{"line":95,"column":2},"end":{"line":106,"column":null}},"35":{"start":{"line":110,"column":16},"end":{"line":117,"column":null}},"36":{"start":{"line":118,"column":2},"end":{"line":122,"column":null}},"37":{"start":{"line":119,"column":19},"end":{"line":119,"column":null}},"38":{"start":{"line":120,"column":20},"end":{"line":120,"column":null}},"39":{"start":{"line":121,"column":16},"end":{"line":121,"column":null}},"40":{"start":{"line":122,"column":4},"end":{"line":122,"column":null}},"41":{"start":{"line":124,"column":12},"end":{"line":124,"column":null}},"42":{"start":{"line":125,"column":2},"end":{"line":125,"column":null}},"43":{"start":{"line":126,"column":2},"end":{"line":127,"column":null}},"44":{"start":{"line":128,"column":2},"end":{"line":129,"column":null}},"45":{"start":{"line":130,"column":2},"end":{"line":130,"column":null}},"46":{"start":{"line":131,"column":2},"end":{"line":131,"column":null}},"47":{"start":{"line":132,"column":2},"end":{"line":132,"column":null}},"48":{"start":{"line":135,"column":37},"end":{"line":135,"column":null}},"49":{"start":{"line":136,"column":37},"end":{"line":136,"column":null}}},"fnMap":{"0":{"name":"computeActualSpeeds","decl":{"start":{"line":55,"column":16},"end":{"line":55,"column":36}},"loc":{"start":{"line":55,"column":108},"end":{"line":67,"column":null}},"line":55},"1":{"name":"(anonymous_1)","decl":{"start":{"line":64,"column":24},"end":{"line":64,"column":32}},"loc":{"start":{"line":64,"column":41},"end":{"line":64,"column":48}},"line":64},"2":{"name":"computeGap","decl":{"start":{"line":70,"column":16},"end":{"line":70,"column":27}},"loc":{"start":{"line":70,"column":101},"end":{"line":106,"column":null}},"line":70},"3":{"name":"renderGapReport","decl":{"start":{"line":109,"column":16},"end":{"line":109,"column":32}},"loc":{"start":{"line":109,"column":87},"end":{"line":132,"column":null}},"line":109},"4":{"name":"round1","decl":{"start":{"line":135,"column":9},"end":{"line":135,"column":16}},"loc":{"start":{"line":135,"column":35},"end":{"line":135,"column":null}},"line":135},"5":{"name":"round2","decl":{"start":{"line":136,"column":9},"end":{"line":136,"column":16}},"loc":{"start":{"line":136,"column":35},"end":{"line":136,"column":null}},"line":136}},"branchMap":{"0":{"loc":{"start":{"line":58,"column":4},"end":{"line":58,"column":null}},"type":"if","locations":[{"start":{"line":58,"column":4},"end":{"line":58,"column":null}},{"start":{},"end":{}}],"line":58},"1":{"loc":{"start":{"line":59,"column":4},"end":{"line":59,"column":null}},"type":"if","locations":[{"start":{"line":59,"column":4},"end":{"line":59,"column":null}},{"start":{},"end":{}}],"line":59},"2":{"loc":{"start":{"line":59,"column":8},"end":{"line":59,"column":67}},"type":"binary-expr","locations":[{"start":{"line":59,"column":8},"end":{"line":59,"column":46}},{"start":{"line":59,"column":46},"end":{"line":59,"column":67}}],"line":59},"3":{"loc":{"start":{"line":60,"column":13},"end":{"line":60,"column":33}},"type":"binary-expr","locations":[{"start":{"line":60,"column":13},"end":{"line":60,"column":24}},{"start":{"line":60,"column":24},"end":{"line":60,"column":33}}],"line":60},"4":{"loc":{"start":{"line":78,"column":24},"end":{"line":78,"column":null}},"type":"cond-expr","locations":[{"start":{"line":78,"column":28},"end":{"line":78,"column":42}},{"start":{"line":78,"column":42},"end":{"line":78,"column":null}}],"line":78},"5":{"loc":{"start":{"line":83,"column":4},"end":{"line":83,"column":null}},"type":"if","locations":[{"start":{"line":83,"column":4},"end":{"line":83,"column":null}},{"start":{},"end":{}}],"line":83},"6":{"loc":{"start":{"line":86,"column":9},"end":{"line":86,"column":null}},"type":"binary-expr","locations":[{"start":{"line":86,"column":9},"end":{"line":86,"column":17}},{"start":{"line":86,"column":17},"end":{"line":86,"column":null}}],"line":86},"7":{"loc":{"start":{"line":90,"column":29},"end":{"line":90,"column":null}},"type":"cond-expr","locations":[{"start":{"line":90,"column":62},"end":{"line":90,"column":108}},{"start":{"line":90,"column":111},"end":{"line":90,"column":null}}],"line":90},"8":{"loc":{"start":{"line":90,"column":29},"end":{"line":90,"column":62}},"type":"binary-expr","locations":[{"start":{"line":90,"column":29},"end":{"line":90,"column":44}},{"start":{"line":90,"column":44},"end":{"line":90,"column":62}}],"line":90},"9":{"loc":{"start":{"line":91,"column":18},"end":{"line":91,"column":null}},"type":"cond-expr","locations":[{"start":{"line":91,"column":41},"end":{"line":91,"column":85}},{"start":{"line":91,"column":85},"end":{"line":91,"column":null}}],"line":91},"10":{"loc":{"start":{"line":101,"column":26},"end":{"line":101,"column":null}},"type":"cond-expr","locations":[{"start":{"line":101,"column":41},"end":{"line":101,"column":55}},{"start":{"line":101,"column":58},"end":{"line":101,"column":null}}],"line":101},"11":{"loc":{"start":{"line":119,"column":19},"end":{"line":119,"column":null}},"type":"cond-expr","locations":[{"start":{"line":119,"column":51},"end":{"line":119,"column":82}},{"start":{"line":119,"column":85},"end":{"line":119,"column":null}}],"line":119},"12":{"loc":{"start":{"line":120,"column":20},"end":{"line":120,"column":null}},"type":"cond-expr","locations":[{"start":{"line":120,"column":55},"end":{"line":120,"column":87}},{"start":{"line":120,"column":87},"end":{"line":120,"column":null}}],"line":120},"13":{"loc":{"start":{"line":121,"column":16},"end":{"line":121,"column":null}},"type":"cond-expr","locations":[{"start":{"line":121,"column":40},"end":{"line":121,"column":47}},{"start":{"line":121,"column":47},"end":{"line":121,"column":null}}],"line":121},"14":{"loc":{"start":{"line":121,"column":47},"end":{"line":121,"column":null}},"type":"cond-expr","locations":[{"start":{"line":121,"column":62},"end":{"line":121,"column":68}},{"start":{"line":121,"column":68},"end":{"line":121,"column":null}}],"line":121},"15":{"loc":{"start":{"line":127,"column":5},"end":{"line":127,"column":117}},"type":"cond-expr","locations":[{"start":{"line":127,"column":37},"end":{"line":127,"column":101}},{"start":{"line":127,"column":101},"end":{"line":127,"column":117}}],"line":127},"16":{"loc":{"start":{"line":129,"column":11},"end":{"line":129,"column":109}},"type":"cond-expr","locations":[{"start":{"line":129,"column":39},"end":{"line":129,"column":104}},{"start":{"line":129,"column":107},"end":{"line":129,"column":109}}],"line":129}},"s":{"0":6,"1":6,"2":8,"3":1,"4":7,"5":1,"6":6,"7":6,"8":6,"9":5,"10":6,"11":5,"12":6,"13":4,"14":4,"15":4,"16":4,"17":4,"18":4,"19":4,"20":4,"21":4,"22":4,"23":8,"24":8,"25":8,"26":8,"27":8,"28":8,"29":8,"30":3,"31":3,"32":3,"33":8,"34":4,"35":1,"36":1,"37":2,"38":2,"39":2,"40":2,"41":1,"42":1,"43":1,"44":1,"45":1,"46":1,"47":1,"48":3,"49":11},"f":{"0":6,"1":6,"2":4,"3":1,"4":3,"5":11},"b":{"0":[1,7],"1":[1,6],"2":[7,7],"3":[6,0],"4":[3,5],"5":[3,5],"6":[8,5],"7":[3,5],"8":[8,3],"9":[3,5],"10":[3,1],"11":[1,1],"12":[1,1],"13":[1,1],"14":[1,0],"15":[1,0],"16":[1,0]},"meta":{"lastBranch":17,"lastFunction":6,"lastStatement":50,"seen":{"f:55:16:55:36":0,"s:56:44:56:46":0,"s:57:2:60:Infinity":1,"b:58:4:58:Infinity:undefined:undefined:undefined:undefined":0,"s:58:4:58:Infinity":2,"s:58:38:58:Infinity":3,"b:59:4:59:Infinity:undefined:undefined:undefined:undefined":1,"s:59:4:59:Infinity":4,"b:59:8:59:46:59:46:59:67":2,"s:59:67:59:Infinity":5,"s:60:4:60:Infinity":6,"b:60:13:60:24:60:24:60:33":3,"s:62:64:62:66":7,"s:63:2:65:Infinity":8,"s:64:19:64:Infinity":9,"f:64:24:64:32":1,"s:64:41:64:48":10,"s:65:4:65:Infinity":11,"s:67:2:67:Infinity":12,"f:70:16:70:27":2,"s:71:17:71:44":13,"s:72:25:72:27":14,"s:73:15:73:18":15,"s:73:27:73:30":16,"s:73:39:73:42":17,"s:73:53:73:Infinity":18,"s:74:16:74:19":19,"s:74:29:74:32":20,"s:74:43:74:Infinity":21,"s:76:2:92:Infinity":22,"s:77:14:77:Infinity":23,"s:78:24:78:Infinity":24,"b:78:28:78:42:78:42:78:Infinity":4,"s:79:4:79:Infinity":25,"s:80:4:80:Infinity":26,"s:81:4:81:Infinity":27,"s:82:4:82:Infinity":28,"b:83:4:83:Infinity:undefined:undefined:undefined:undefined":5,"s:83:4:83:Infinity":29,"s:83:32:83:55":30,"s:83:55:83:67":31,"s:83:67:83:Infinity":32,"s:84:4:92:Infinity":33,"b:86:9:86:17:86:17:86:Infinity":6,"b:90:62:90:108:90:111:90:Infinity":7,"b:90:29:90:44:90:44:90:62":8,"b:91:41:91:85:91:85:91:Infinity":9,"s:95:2:106:Infinity":34,"b:101:41:101:55:101:58:101:Infinity":10,"f:109:16:109:32":3,"s:110:16:117:Infinity":35,"s:118:2:122:Infinity":36,"s:119:19:119:Infinity":37,"b:119:51:119:82:119:85:119:Infinity":11,"s:120:20:120:Infinity":38,"b:120:55:120:87:120:87:120:Infinity":12,"s:121:16:121:Infinity":39,"b:121:40:121:47:121:47:121:Infinity":13,"b:121:62:121:68:121:68:121:Infinity":14,"s:122:4:122:Infinity":40,"s:124:12:124:Infinity":41,"s:125:2:125:Infinity":42,"s:126:2:127:Infinity":43,"b:127:37:127:101:127:101:127:117":15,"s:128:2:129:Infinity":44,"b:129:39:129:104:129:107:129:109":16,"s:130:2:130:Infinity":45,"s:131:2:131:Infinity":46,"s:132:2:132:Infinity":47,"f:135:9:135:16":4,"s:135:37:135:Infinity":48,"f:136:9:136:16":5,"s:136:37:136:Infinity":49}}}
,"/Users/noir/Projects/a-team/lib/budget-tracker.ts": {"path":"/Users/noir/Projects/a-team/lib/budget-tracker.ts","statementMap":{"0":{"start":{"line":28,"column":48},"end":{"line":52,"column":null}},"1":{"start":{"line":55,"column":2},"end":{"line":55,"column":null}},"2":{"start":{"line":59,"column":15},"end":{"line":59,"column":null}},"3":{"start":{"line":61,"column":17},"end":{"line":61,"column":45}},"4":{"start":{"line":62,"column":2},"end":{"line":62,"column":null}},"5":{"start":{"line":66,"column":2},"end":{"line":72,"column":null}},"6":{"start":{"line":81,"column":28},"end":{"line":93,"column":null}},"7":{"start":{"line":94,"column":2},"end":{"line":94,"column":null}},"8":{"start":{"line":110,"column":2},"end":{"line":110,"column":null}},"9":{"start":{"line":110,"column":31},"end":{"line":110,"column":null}},"10":{"start":{"line":112,"column":14},"end":{"line":112,"column":36}},"11":{"start":{"line":113,"column":2},"end":{"line":113,"column":null}},"12":{"start":{"line":113,"column":45},"end":{"line":113,"column":null}},"13":{"start":{"line":115,"column":18},"end":{"line":115,"column":null}},"14":{"start":{"line":116,"column":18},"end":{"line":116,"column":null}},"15":{"start":{"line":118,"column":2},"end":{"line":118,"column":null}},"16":{"start":{"line":118,"column":44},"end":{"line":118,"column":null}},"17":{"start":{"line":119,"column":2},"end":{"line":119,"column":null}},"18":{"start":{"line":119,"column":53},"end":{"line":119,"column":null}},"19":{"start":{"line":120,"column":2},"end":{"line":120,"column":null}},"20":{"start":{"line":150,"column":18},"end":{"line":150,"column":83}},"21":{"start":{"line":150,"column":74},"end":{"line":150,"column":81}},"22":{"start":{"line":151,"column":2},"end":{"line":157,"column":null}},"23":{"start":{"line":182,"column":18},"end":{"line":182,"column":83}},"24":{"start":{"line":182,"column":74},"end":{"line":182,"column":81}},"25":{"start":{"line":183,"column":77},"end":{"line":183,"column":79}},"26":{"start":{"line":184,"column":2},"end":{"line":185,"column":null}},"27":{"start":{"line":185,"column":4},"end":{"line":185,"column":null}},"28":{"start":{"line":187,"column":2},"end":{"line":196,"column":null}}},"fnMap":{"0":{"name":"isBudgetAwareEnabled","decl":{"start":{"line":54,"column":16},"end":{"line":54,"column":48}},"loc":{"start":{"line":54,"column":48},"end":{"line":55,"column":null}},"line":54},"1":{"name":"estimateToolCost","decl":{"start":{"line":58,"column":16},"end":{"line":58,"column":33}},"loc":{"start":{"line":58,"column":65},"end":{"line":62,"column":null}},"line":58},"2":{"name":"createBudgetState","decl":{"start":{"line":65,"column":16},"end":{"line":65,"column":34}},"loc":{"start":{"line":65,"column":63},"end":{"line":72,"column":null}},"line":65},"3":{"name":"recordToolCost","decl":{"start":{"line":75,"column":16},"end":{"line":75,"column":null}},"loc":{"start":{"line":80,"column":15},"end":{"line":94,"column":null}},"line":80},"4":{"name":"decideBudgetAction","decl":{"start":{"line":105,"column":16},"end":{"line":105,"column":null}},"loc":{"start":{"line":109,"column":18},"end":{"line":120,"column":null}},"line":109},"5":{"name":"mergeCosts","decl":{"start":{"line":146,"column":16},"end":{"line":146,"column":null}},"loc":{"start":{"line":149,"column":23},"end":{"line":157,"column":null}},"line":149},"6":{"name":"(anonymous_6)","decl":{"start":{"line":150,"column":57},"end":{"line":150,"column":65}},"loc":{"start":{"line":150,"column":74},"end":{"line":150,"column":81}},"line":150},"7":{"name":"mergeCostsFromSummary","decl":{"start":{"line":173,"column":16},"end":{"line":173,"column":null}},"loc":{"start":{"line":181,"column":23},"end":{"line":196,"column":null}},"line":181},"8":{"name":"(anonymous_8)","decl":{"start":{"line":182,"column":57},"end":{"line":182,"column":65}},"loc":{"start":{"line":182,"column":74},"end":{"line":182,"column":81}},"line":182}},"branchMap":{"0":{"loc":{"start":{"line":55,"column":9},"end":{"line":55,"column":null}},"type":"binary-expr","locations":[{"start":{"line":55,"column":9},"end":{"line":55,"column":52}},{"start":{"line":55,"column":52},"end":{"line":55,"column":null}}],"line":55},"1":{"loc":{"start":{"line":59,"column":15},"end":{"line":59,"column":null}},"type":"binary-expr","locations":[{"start":{"line":59,"column":15},"end":{"line":59,"column":40}},{"start":{"line":59,"column":40},"end":{"line":59,"column":null}}],"line":59},"2":{"loc":{"start":{"line":65,"column":34},"end":{"line":65,"column":63}},"type":"default-arg","locations":[{"start":{"line":65,"column":45},"end":{"line":65,"column":63}}],"line":65},"3":{"loc":{"start":{"line":79,"column":2},"end":{"line":79,"column":null}},"type":"default-arg","locations":[{"start":{"line":79,"column":10},"end":{"line":79,"column":null}}],"line":79},"4":{"loc":{"start":{"line":86,"column":16},"end":{"line":86,"column":50}},"type":"binary-expr","locations":[{"start":{"line":86,"column":16},"end":{"line":86,"column":45}},{"start":{"line":86,"column":45},"end":{"line":86,"column":50}}],"line":86},"5":{"loc":{"start":{"line":90,"column":15},"end":{"line":90,"column":47}},"type":"binary-expr","locations":[{"start":{"line":90,"column":15},"end":{"line":90,"column":42}},{"start":{"line":90,"column":42},"end":{"line":90,"column":47}}],"line":90},"6":{"loc":{"start":{"line":110,"column":2},"end":{"line":110,"column":null}},"type":"if","locations":[{"start":{"line":110,"column":2},"end":{"line":110,"column":null}},{"start":{},"end":{}}],"line":110},"7":{"loc":{"start":{"line":113,"column":2},"end":{"line":113,"column":null}},"type":"if","locations":[{"start":{"line":113,"column":2},"end":{"line":113,"column":null}},{"start":{},"end":{}}],"line":113},"8":{"loc":{"start":{"line":118,"column":2},"end":{"line":118,"column":null}},"type":"if","locations":[{"start":{"line":118,"column":2},"end":{"line":118,"column":null}},{"start":{},"end":{}}],"line":118},"9":{"loc":{"start":{"line":118,"column":6},"end":{"line":118,"column":44}},"type":"binary-expr","locations":[{"start":{"line":118,"column":6},"end":{"line":118,"column":17}},{"start":{"line":118,"column":17},"end":{"line":118,"column":44}}],"line":118},"10":{"loc":{"start":{"line":119,"column":2},"end":{"line":119,"column":null}},"type":"if","locations":[{"start":{"line":119,"column":2},"end":{"line":119,"column":null}},{"start":{},"end":{}}],"line":119},"11":{"loc":{"start":{"line":119,"column":6},"end":{"line":119,"column":53}},"type":"binary-expr","locations":[{"start":{"line":119,"column":6},"end":{"line":119,"column":26}},{"start":{"line":119,"column":26},"end":{"line":119,"column":53}}],"line":119}},"s":{"0":1,"1":2,"2":7,"3":7,"4":7,"5":13,"6":7,"7":7,"8":5,"9":1,"10":4,"11":4,"12":1,"13":3,"14":3,"15":3,"16":1,"17":2,"18":1,"19":1,"20":2,"21":2,"22":2,"23":3,"24":3,"25":3,"26":3,"27":3,"28":3},"f":{"0":2,"1":7,"2":13,"3":7,"4":5,"5":2,"6":2,"7":3,"8":3},"b":{"0":[2,1],"1":[7,1],"2":[13],"3":[7],"4":[7,5],"5":[7,7],"6":[1,4],"7":[1,3],"8":[1,2],"9":[3,1],"10":[1,1],"11":[2,1]},"meta":{"lastBranch":12,"lastFunction":9,"lastStatement":29,"seen":{"s:28:48:52:Infinity":0,"f:54:16:54:48":0,"s:55:2:55:Infinity":1,"b:55:9:55:52:55:52:55:Infinity":0,"f:58:16:58:33":1,"s:59:15:59:Infinity":2,"b:59:15:59:40:59:40:59:Infinity":1,"s:61:17:61:45":3,"s:62:2:62:Infinity":4,"f:65:16:65:34":2,"b:65:45:65:63":2,"s:66:2:72:Infinity":5,"f:75:16:75:Infinity":3,"b:79:10:79:Infinity":3,"s:81:28:93:Infinity":6,"b:86:16:86:45:86:45:86:50":4,"b:90:15:90:42:90:42:90:47":5,"s:94:2:94:Infinity":7,"f:105:16:105:Infinity":4,"b:110:2:110:Infinity:undefined:undefined:undefined:undefined":6,"s:110:2:110:Infinity":8,"s:110:31:110:Infinity":9,"s:112:14:112:36":10,"b:113:2:113:Infinity:undefined:undefined:undefined:undefined":7,"s:113:2:113:Infinity":11,"s:113:45:113:Infinity":12,"s:115:18:115:Infinity":13,"s:116:18:116:Infinity":14,"b:118:2:118:Infinity:undefined:undefined:undefined:undefined":8,"s:118:2:118:Infinity":15,"b:118:6:118:17:118:17:118:44":9,"s:118:44:118:Infinity":16,"b:119:2:119:Infinity:undefined:undefined:undefined:undefined":10,"s:119:2:119:Infinity":17,"b:119:6:119:26:119:26:119:53":11,"s:119:53:119:Infinity":18,"s:120:2:120:Infinity":19,"f:146:16:146:Infinity":5,"s:150:18:150:83":20,"f:150:57:150:65":6,"s:150:74:150:81":21,"s:151:2:157:Infinity":22,"f:173:16:173:Infinity":7,"s:182:18:182:83":23,"f:182:57:182:65":8,"s:182:74:182:81":24,"s:183:77:183:79":25,"s:184:2:185:Infinity":26,"s:185:4:185:Infinity":27,"s:187:2:196:Infinity":28}}}
,"/Users/noir/Projects/a-team/lib/cascade-gate.ts": {"path":"/Users/noir/Projects/a-team/lib/cascade-gate.ts","statementMap":{"0":{"start":{"line":29,"column":44},"end":{"line":42,"column":null}},"1":{"start":{"line":48,"column":2},"end":{"line":48,"column":null}},"2":{"start":{"line":48,"column":26},"end":{"line":48,"column":null}},"3":{"start":{"line":49,"column":2},"end":{"line":49,"column":null}},"4":{"start":{"line":49,"column":26},"end":{"line":49,"column":null}},"5":{"start":{"line":51,"column":2},"end":{"line":51,"column":null}},"6":{"start":{"line":51,"column":27},"end":{"line":51,"column":null}},"7":{"start":{"line":52,"column":2},"end":{"line":52,"column":null}},"8":{"start":{"line":52,"column":28},"end":{"line":52,"column":null}},"9":{"start":{"line":53,"column":2},"end":{"line":53,"column":null}},"10":{"start":{"line":60,"column":2},"end":{"line":60,"column":null}},"11":{"start":{"line":70,"column":2},"end":{"line":75,"column":null}},"12":{"start":{"line":72,"column":4},"end":{"line":73,"column":null}},"13":{"start":{"line":73,"column":6},"end":{"line":73,"column":null}},"14":{"start":{"line":75,"column":4},"end":{"line":75,"column":null}},"15":{"start":{"line":78,"column":2},"end":{"line":79,"column":null}},"16":{"start":{"line":79,"column":4},"end":{"line":79,"column":null}},"17":{"start":{"line":81,"column":2},"end":{"line":81,"column":null}},"18":{"start":{"line":91,"column":8},"end":{"line":91,"column":52}},"19":{"start":{"line":92,"column":15},"end":{"line":92,"column":49}},"20":{"start":{"line":93,"column":2},"end":{"line":93,"column":null}}},"fnMap":{"0":{"name":"nextModel","decl":{"start":{"line":47,"column":16},"end":{"line":47,"column":26}},"loc":{"start":{"line":47,"column":94},"end":{"line":53,"column":null}},"line":47},"1":{"name":"isCascadeEnabled","decl":{"start":{"line":59,"column":16},"end":{"line":59,"column":44}},"loc":{"start":{"line":59,"column":44},"end":{"line":60,"column":null}},"line":59},"2":{"name":"selectInitialModel","decl":{"start":{"line":66,"column":16},"end":{"line":66,"column":null}},"loc":{"start":{"line":69,"column":16},"end":{"line":81,"column":null}},"line":69},"3":{"name":"evaluateCascade","decl":{"start":{"line":87,"column":16},"end":{"line":87,"column":null}},"loc":{"start":{"line":90,"column":77},"end":{"line":93,"column":null}},"line":90}},"branchMap":{"0":{"loc":{"start":{"line":48,"column":2},"end":{"line":48,"column":null}},"type":"if","locations":[{"start":{"line":48,"column":2},"end":{"line":48,"column":null}},{"start":{},"end":{}}],"line":48},"1":{"loc":{"start":{"line":49,"column":2},"end":{"line":49,"column":null}},"type":"if","locations":[{"start":{"line":49,"column":2},"end":{"line":49,"column":null}},{"start":{},"end":{}}],"line":49},"2":{"loc":{"start":{"line":51,"column":2},"end":{"line":51,"column":null}},"type":"if","locations":[{"start":{"line":51,"column":2},"end":{"line":51,"column":null}},{"start":{},"end":{}}],"line":51},"3":{"loc":{"start":{"line":52,"column":2},"end":{"line":52,"column":null}},"type":"if","locations":[{"start":{"line":52,"column":2},"end":{"line":52,"column":null}},{"start":{},"end":{}}],"line":52},"4":{"loc":{"start":{"line":60,"column":9},"end":{"line":60,"column":null}},"type":"binary-expr","locations":[{"start":{"line":60,"column":9},"end":{"line":60,"column":47}},{"start":{"line":60,"column":47},"end":{"line":60,"column":null}}],"line":60},"5":{"loc":{"start":{"line":70,"column":2},"end":{"line":75,"column":null}},"type":"if","locations":[{"start":{"line":70,"column":2},"end":{"line":75,"column":null}},{"start":{},"end":{}}],"line":70},"6":{"loc":{"start":{"line":70,"column":6},"end":{"line":70,"column":51}},"type":"binary-expr","locations":[{"start":{"line":70,"column":6},"end":{"line":70,"column":25}},{"start":{"line":70,"column":29},"end":{"line":70,"column":51}}],"line":70},"7":{"loc":{"start":{"line":72,"column":4},"end":{"line":73,"column":null}},"type":"if","locations":[{"start":{"line":72,"column":4},"end":{"line":73,"column":null}},{"start":{},"end":{}}],"line":72},"8":{"loc":{"start":{"line":72,"column":8},"end":{"line":72,"column":96}},"type":"binary-expr","locations":[{"start":{"line":72,"column":8},"end":{"line":72,"column":38}},{"start":{"line":72,"column":38},"end":{"line":72,"column":69}},{"start":{"line":72,"column":69},"end":{"line":72,"column":96}}],"line":72},"9":{"loc":{"start":{"line":78,"column":2},"end":{"line":79,"column":null}},"type":"if","locations":[{"start":{"line":78,"column":2},"end":{"line":79,"column":null}},{"start":{},"end":{}}],"line":78},"10":{"loc":{"start":{"line":78,"column":6},"end":{"line":78,"column":94}},"type":"binary-expr","locations":[{"start":{"line":78,"column":6},"end":{"line":78,"column":36}},{"start":{"line":78,"column":36},"end":{"line":78,"column":67}},{"start":{"line":78,"column":67},"end":{"line":78,"column":94}}],"line":78}},"s":{"0":1,"1":10,"2":3,"3":7,"4":2,"5":5,"6":3,"7":2,"8":2,"9":1,"10":7,"11":4,"12":2,"13":1,"14":1,"15":2,"16":1,"17":1,"18":5,"19":5,"20":5},"f":{"0":10,"1":7,"2":4,"3":5},"b":{"0":[3,7],"1":[2,5],"2":[3,2],"3":[1,1],"4":[7,4],"5":[2,2],"6":[4,2],"7":[1,1],"8":[2,2,2],"9":[1,1],"10":[2,2,1]},"meta":{"lastBranch":11,"lastFunction":4,"lastStatement":21,"seen":{"s:29:44:42:Infinity":0,"f:47:16:47:26":0,"b:48:2:48:Infinity:undefined:undefined:undefined:undefined":0,"s:48:2:48:Infinity":1,"s:48:26:48:Infinity":2,"b:49:2:49:Infinity:undefined:undefined:undefined:undefined":1,"s:49:2:49:Infinity":3,"s:49:26:49:Infinity":4,"b:51:2:51:Infinity:undefined:undefined:undefined:undefined":2,"s:51:2:51:Infinity":5,"s:51:27:51:Infinity":6,"b:52:2:52:Infinity:undefined:undefined:undefined:undefined":3,"s:52:2:52:Infinity":7,"s:52:28:52:Infinity":8,"s:53:2:53:Infinity":9,"f:59:16:59:44":1,"s:60:2:60:Infinity":10,"b:60:9:60:47:60:47:60:Infinity":4,"f:66:16:66:Infinity":2,"b:70:2:75:Infinity:undefined:undefined:undefined:undefined":5,"s:70:2:75:Infinity":11,"b:70:6:70:25:70:29:70:51":6,"b:72:4:73:Infinity:undefined:undefined:undefined:undefined":7,"s:72:4:73:Infinity":12,"b:72:8:72:38:72:38:72:69:72:69:72:96":8,"s:73:6:73:Infinity":13,"s:75:4:75:Infinity":14,"b:78:2:79:Infinity:undefined:undefined:undefined:undefined":9,"s:78:2:79:Infinity":15,"b:78:6:78:36:78:36:78:67:78:67:78:94":10,"s:79:4:79:Infinity":16,"s:81:2:81:Infinity":17,"f:87:16:87:Infinity":3,"s:91:8:91:52":18,"s:92:15:92:49":19,"s:93:2:93:Infinity":20}}}
,"/Users/noir/Projects/a-team/lib/circuit-breaker.ts": {"path":"/Users/noir/Projects/a-team/lib/circuit-breaker.ts","statementMap":{"0":{"start":{"line":39,"column":21},"end":{"line":39,"column":55}},"1":{"start":{"line":44,"column":4},"end":{"line":44,"column":null}},"2":{"start":{"line":45,"column":4},"end":{"line":45,"column":null}},"3":{"start":{"line":49,"column":4},"end":{"line":58,"column":null}},"4":{"start":{"line":50,"column":6},"end":{"line":58,"column":null}},"5":{"start":{"line":60,"column":14},"end":{"line":60,"column":40}},"6":{"start":{"line":63,"column":4},"end":{"line":65,"column":null}},"7":{"start":{"line":64,"column":6},"end":{"line":65,"column":null}},"8":{"start":{"line":65,"column":8},"end":{"line":65,"column":null}},"9":{"start":{"line":68,"column":4},"end":{"line":68,"column":null}},"10":{"start":{"line":72,"column":14},"end":{"line":72,"column":39}},"11":{"start":{"line":73,"column":4},"end":{"line":73,"column":null}},"12":{"start":{"line":77,"column":14},"end":{"line":77,"column":39}},"13":{"start":{"line":78,"column":4},"end":{"line":78,"column":null}},"14":{"start":{"line":79,"column":4},"end":{"line":79,"column":null}},"15":{"start":{"line":81,"column":4},"end":{"line":86,"column":null}},"16":{"start":{"line":82,"column":6},"end":{"line":82,"column":null}},"17":{"start":{"line":83,"column":6},"end":{"line":83,"column":null}},"18":{"start":{"line":84,"column":15},"end":{"line":86,"column":null}},"19":{"start":{"line":85,"column":6},"end":{"line":85,"column":null}},"20":{"start":{"line":86,"column":6},"end":{"line":86,"column":null}},"21":{"start":{"line":91,"column":14},"end":{"line":91,"column":39}},"22":{"start":{"line":92,"column":4},"end":{"line":92,"column":null}},"23":{"start":{"line":93,"column":4},"end":{"line":93,"column":null}},"24":{"start":{"line":94,"column":4},"end":{"line":94,"column":null}},"25":{"start":{"line":95,"column":4},"end":{"line":95,"column":null}},"26":{"start":{"line":99,"column":14},"end":{"line":99,"column":39}},"27":{"start":{"line":100,"column":4},"end":{"line":100,"column":null}},"28":{"start":{"line":100,"column":30},"end":{"line":100,"column":null}},"29":{"start":{"line":101,"column":4},"end":{"line":101,"column":null}},"30":{"start":{"line":101,"column":33},"end":{"line":101,"column":null}},"31":{"start":{"line":102,"column":22},"end":{"line":102,"column":75}},"32":{"start":{"line":103,"column":4},"end":{"line":103,"column":null}},"33":{"start":{"line":107,"column":4},"end":{"line":107,"column":null}},"34":{"start":{"line":116,"column":43},"end":{"line":124,"column":null}}},"fnMap":{"0":{"name":"(anonymous_0)","decl":{"start":{"line":43,"column":2},"end":{"line":43,"column":14}},"loc":{"start":{"line":43,"column":44},"end":{"line":45,"column":null}},"line":43},"1":{"name":"(anonymous_1)","decl":{"start":{"line":48,"column":2},"end":{"line":48,"column":10}},"loc":{"start":{"line":48,"column":56},"end":{"line":68,"column":null}},"line":48},"2":{"name":"(anonymous_2)","decl":{"start":{"line":71,"column":2},"end":{"line":71,"column":11}},"loc":{"start":{"line":71,"column":41},"end":{"line":73,"column":null}},"line":71},"3":{"name":"(anonymous_3)","decl":{"start":{"line":76,"column":2},"end":{"line":76,"column":16}},"loc":{"start":{"line":76,"column":54},"end":{"line":86,"column":null}},"line":76},"4":{"name":"(anonymous_4)","decl":{"start":{"line":90,"column":2},"end":{"line":90,"column":16}},"loc":{"start":{"line":90,"col
[...]
,"/Users/noir/Projects/a-team/lib/wiki-types.ts": {"path":"/Users/noir/Projects/a-team/lib/wiki-types.ts","statementMap":{"0":{"start":{"line":78,"column":2},"end":{"line":78,"column":null}},"1":{"start":{"line":82,"column":2},"end":{"line":82,"column":null}},"2":{"start":{"line":86,"column":2},"end":{"line":86,"column":null}},"3":{"start":{"line":91,"column":16},"end":{"line":91,"column":66}},"4":{"start":{"line":92,"column":2},"end":{"line":92,"column":null}},"5":{"start":{"line":92,"column":14},"end":{"line":92,"column":null}},"6":{"start":{"line":93,"column":2},"end":{"line":112,"column":null}},"7":{"start":{"line":95,"column":17},"end":{"line":95,"column":null}},"8":{"start":{"line":96,"column":17},"end":{"line":96,"column":null}},"9":{"start":{"line":97,"column":40},"end":{"line":97,"column":42}},"10":{"start":{"line":98,"column":4},"end":{"line":107,"column":null}},"11":{"start":{"line":99,"column":29},"end":{"line":99,"column":44}},"12":{"start":{"line":100,"column":6},"end":{"line":100,"column":null}},"13":{"start":{"line":100,"column":32},"end":{"line":100,"column":null}},"14":{"start":{"line":101,"column":18},"end":{"line":101,"column":39}},"15":{"start":{"line":102,"column":6},"end":{"line":107,"column":null}},"16":{"start":{"line":103,"column":8},"end":{"line":103,"column":null}},"17":{"start":{"line":104,"column":17},"end":{"line":107,"column":null}},"18":{"start":{"line":105,"column":8},"end":{"line":105,"column":null}},"19":{"start":{"line":107,"column":8},"end":{"line":107,"column":null}},"20":{"start":{"line":110,"column":4},"end":{"line":110,"column":null}},"21":{"start":{"line":112,"column":4},"end":{"line":112,"column":null}}},"fnMap":{"0":{"name":"isWikiCategory","decl":{"start":{"line":77,"column":16},"end":{"line":77,"column":31}},"loc":{"start":{"line":77,"column":61},"end":{"line":78,"column":null}},"line":77},"1":{"name":"isLinkType","decl":{"start":{"line":81,"column":16},"end":{"line":81,"column":27}},"loc":{"start":{"line":81,"column":53},"end":{"line":82,"column":null}},"line":81},"2":{"name":"isNoteType","decl":{"start":{"line":85,"column":16},"end":{"line":85,"column":27}},"loc":{"start":{"line":85,"column":53},"end":{"line":86,"column":null}},"line":85},"3":{"name":"parseFrontmatter","decl":{"start":{"line":90,"column":16},"end":{"line":90,"column":33}},"loc":{"start":{"line":90,"column":96},"end":{"line":112,"column":null}},"line":90}},"branchMap":{"0":{"loc":{"start":{"line":92,"column":2},"end":{"line":92,"column":null}},"type":"if","locations":[{"start":{"line":92,"column":2},"end":{"line":92,"column":null}},{"start":{},"end":{}}],"line":92},"1":{"loc":{"start":{"line":100,"column":6},"end":{"line":100,"column":null}},"type":"if","locations":[{"start":{"line":100,"column":6},"end":{"line":100,"column":null}},{"start":{},"end":{}}],"line":100},"2":{"loc":{"start":{"line":100,"column":10},"end":{"line":100,"column":32}},"type":"binary-expr","locations":[{"start":{"line":100,"column":10},"end":{"line":100,"column":18}},{"start":{"line":100,"column":18},"end":{"line":100,"column":32}}],"line":100},"3":{"loc":{"start":{"line":102,"column":6},"end":{"line":107,"column":null}},"type":"if","locations":[{"start":{"line":102,"column":6},"end":{"line":107,"column":null}},{"start":{"line":104,"column":17},"end":{"line":107,"column":null}}],"line":102},"4":{"loc":{"start":{"line":104,"column":17},"end":{"line":107,"column":null}},"type":"if","locations":[{"start":{"line":104,"column":17},"end":{"line":107,"column":null}},{"start":{"line":106,"column":13},"end":{"line":107,"column":null}}],"line":104}},"s":{"0":5,"1":0,"2":0,"3":2,"4":2,"5":1,"6":1,"7":1,"8":1,"9":1,"10":1,"11":10,"12":10,"13":0,"14":10,"15":10,"16":2,"17":8,"18":2,"19":6,"20":1,"21":0},"f":{"0":5,"1":0,"2":0,"3":2},"b":{"0":[1,1],"1":[0,10],"2":[10,10],"3":[2,8],"4":[2,6]},"meta":{"lastBranch":5,"lastFunction":4,"lastStatement":22,"seen":{"f:77:16:77:31":0,"s:78:2:78:Infinity":0,"f:81:16:81:27":1,"s:82:2:82:Infinity":1,"f:85:16:85:27":2,"s:86:2:86:Infinity":2,"f:90:16:90:33":3,"s:91:16:91:66":3,"b:92:2:92:Infinity:undefined:undefined:undefined:undefined":0,"s:92:2:92:Infinity":4,"s:92:14:92:Infinity":5,"s:93:2:112:Infinity":6,"s:95:17:95:Infinity":7,"s:96:17:96:Infinity":8,"s:97:40:97:42":9,"s:98:4:107:Infinity":10,"s:99:29:99:44":11,"b:100:6:100:Infinity:undefined:undefined:undefined:undefined":1,"s:100:6:100:Infinity":12,"b:100:10:100:18:100:18:100:32":2,"s:100:32:100:Infinity":13,"s:101:18:101:39":14,"b:102:6:107:Infinity:104:17:107:Infinity":3,"s:102:6:107:Infinity":15,"s:103:8:103:Infinity":16,"b:104:17:107:Infinity:106:13:107:Infinity":4,"s:104:17:107:Infinity":17,"s:105:8:105:Infinity":18,"s:107:8:107:Infinity":19,"s:110:4:110:Infinity":20,"s:112:4:112:Infinity":21}}}
,"/Users/noir/Projects/a-team/lib/worktree.ts": {"path":"/Users/noir/Projects/a-team/lib/worktree.ts","statementMap":{"0":{"start":{"line":35,"column":8},"end":{"line":35,"column":80}},"1":{"start":{"line":36,"column":17},"end":{"line":36,"column":null}},"2":{"start":{"line":37,"column":17},"end":{"line":37,"column":null}},"3":{"start":{"line":38,"column":2},"end":{"line":39,"column":null}},"4":{"start":{"line":39,"column":4},"end":{"line":39,"column":null}},"5":{"start":{"line":41,"column":2},"end":{"line":41,"column":null}},"6":{"start":{"line":51,"column":2},"end":{"line":51,"column":null}},"7":{"start":{"line":55,"column":12},"end":{"line":55,"column":36}},"8":{"start":{"line":56,"column":2},"end":{"line":59,"column":null}},"9":{"start":{"line":57,"column":4},"end":{"line":57,"column":null}},"10":{"start":{"line":59,"column":4},"end":{"line":59,"column":null}},"11":{"start":{"line":64,"column":2},"end":{"line":64,"column":null}},"12":{"start":{"line":65,"column":14},"end":{"line":65,"column":null}},"13":{"start":{"line":66,"column":2},"end":{"line":66,"column":null}},"14":{"start":{"line":67,"column":2},"end":{"line":67,"column":null}},"15":{"start":{"line":75,"column":19},"end":{"line":75,"column":50}},"16":{"start":{"line":76,"column":44},"end":{"line":76,"column":46}},"17":{"start":{"line":80,"column":4},"end":{"line":80,"column":null}},"18":{"start":{"line":81,"column":4},"end":{"line":81,"column":null}},"19":{"start":{"line":82,"column":4},"end":{"line":82,"column":null}},"20":{"start":{"line":86,"column":24},"end":{"line":86,"column":65}},"21":{"start":{"line":87,"column":25},"end":{"line":87,"column":75}},"22":{"start":{"line":88,"column":4},"end":{"line":88,"column":null}},"23":{"start":{"line":90,"column":25},"end":{"line":90,"column":58}},"24":{"start":{"line":91,"column":4},"end":{"line":91,"column":null}},"25":{"start":{"line":93,"column":31},"end":{"line":98,"column":null}},"26":{"start":{"line":99,"column":4},"end":{"line":99,"column":null}},"27":{"start":{"line":101,"column":4},"end":{"line":101,"column":null}},"28":{"start":{"line":105,"column":17},"end":{"line":105,"column":42}},"29":{"start":{"line":106,"column":4},"end":{"line":106,"column":null}},"30":{"start":{"line":106,"column":15},"end":{"line":106,"column":null}},"31":{"start":{"line":108,"column":4},"end":{"line":108,"column":null}},"32":{"start":{"line":108,"column":35},"end":{"line":108,"column":null}},"33":{"start":{"line":111,"column":4},"end":{"line":111,"column":null}},"34":{"start":{"line":114,"column":18},"end":{"line":114,"column":95}},"35":{"start":{"line":115,"column":4},"end":{"line":115,"column":null}},"36":{"start":{"line":115,"column":16},"end":{"line":115,"column":null}},"37":{"start":{"line":117,"column":21},"end":{"line":117,"column":108}},"38":{"start":{"line":118,"column":21},"end":{"line":118,"column":113}},"39":{"start":{"line":119,"column":25},"end":{"line":119,"column":61}},"40":{"start":{"line":122,"column":17},"end":{"line":122,"column":72}},"41":{"start":{"line":123,"column":23},"end":{"line":123,"column":54}},"42":{"start":{"line":124,"column":24},"end":{"line":124,"column":null}},"43":{"start":{"line":126,"column":20},"end":{"line":126,"column":null}},"44":{"start":{"line":127,"column":4},"end":{"line":133,"column":null}},"45":{"start":{"line":128,"column":6},"end":{"line":128,"column":null}},"46":{"start":{"line":129,"column":6},"end":{"line":129,"column":null}},"47":{"start":{"line":130,"column":6},"end":{"line":130,"column":null}},"48":{"start":{"line":132,"column":6},"end":{"line":132,"column":null}},"49":{"start":{"line":133,"column":6},"end":{"line":133,"column":null}},"50":{"start":{"line":136,"column":34},"end":{"line":143,"column":null}},"51":{"start":{"line":145,"column":4},"end":{"line":145,"column":null}},"52":{"start":{"line":146,"column":4},"end":{"line":146,"column":null}},"53":{"start":{"line":150,"column":17},"end":{"line":150,"column":42}},"54":{"start":{"line":151,"column":4},"end":{"line":151,"column":null}},"55":{"start":{"line":151,"column":15},"end":{"line":151,"column":null}},"56":{"start":{"line":153,"column":4},"end":{"line":159,"column":null}},"57":{"start":{"line":154,"column":6},"end":{"line":154,"column":null}},"58":{"start":{"line":156,"column":6},"end":{"line":159,"column":null}},"59":{"start":{"line":157,"column":8},"end":{"line":157,"column":null}},"60":{"start":{"line":158,"column":8},"end":{"line":158,"column":null}},"61":{"start":{"line":162,"column":4},"end":{"line":162,"column":null}},"62":{"start":{"line":166,"column":4},"end":{"line":167,"column":null}},"63":{"start":{"line":167,"column":6},"end":{"line":167,"column":null}},"64":{"start":{"line":171,"column":19},"end":{"line":171,"column":69}},"65":{"start":{"line":172,"column":4},"end":{"line":175,"column":null}},"66":{"start":{"line":173,"column":22},"end":{"line":173,"column":44}},"67":{"start":{"line":174,"column":6},"end":{"line":174,"column":null}},"68":{"start":{"line":174,"column":32},"end":{"line":174,"column":null}},"69":{"start":{"line":179,"column":4},"end":{"line":179,"column":null}},"70":{"start":{"line":183,"column":4},"end":{"line":183,"column":null}},"71":{"start":{"line":187,"column":4},"end":{"line":187,"column":null}}},"fnMap":{"0":{"name":"git","decl":{"start":{"line":34,"column":9},"end":{"line":34,"column":13}},"loc":{"start":{"line":34,"column":75},"end":{"line":41,"column":null}},"line":34},"1":{"name":"getDedupPath","decl":{"start":{"line":50,"column":9},"end":{"line":50,"column":22}},"loc":{"start":{"line":50,"column":50},"end":{"line":51,"column":null}},"line":50},"2":{"name":"loadDedupIndex","decl":{"start":{"line":54,"column":9},"end":{"line":54,"column":24}},"loc":{"start":{"line":54,"column":56},"end":{"line":59,"column":null}},"line":54},"3":{"name":"saveDedupIndex","decl":{"start":{"line":63,"column":9},"end":{"line":63,"column":24}},"loc":{"start":{"line":63,"column":69},"end":{"line":67,"column":null}},"line":63},"4":{"name":"(anonymous_4)","decl":{"start":{"line":79,"column":2},"end":{"line":79,"column":14}},"loc":{"start":{"line":79,"column":32},"end":{"line":82,"column":null}},"line":79},"5":{"name":"(anonymous_5)","decl":{"start":{"line":85,"column":2},"end":{"line":85,"column":9}},"loc":{"start":{"line":85,"column":35},"end":{"line":101,"column":null}},"line":85},"6":{"name":"(anonymous_6)","decl":{"start":{"line":104,"column":2},"end":{"line":104,"column":10}},"loc":{"start":{"line":104,"column":50},"end":{"line":146,"column":null}},"line":104},"7":{"name":"(anonymous_7)","decl":{"start":{"line":149,"column":2},"end":{"line":149,"column":10}},"loc":{"start":{"line":149,"column":34},"end":{"line":162,"column":null}},"line":149},"8":{"name":"(anonymous_8)","decl":{"start":{"line":165,"column":2},"end":{"line":165,"column":21}},"loc":{"start":{"line":165,"column":21},"end":{"line":175,"column":null}},"line":165},"9":{"name":"(anonymous_9)","decl":{"start":{"line":178,"column":2},"end":{"line":178,"column":21}},"loc":{"start":{"line":178,"column":21},"end":{"line":179,"column":null}},"line":178},"10":{"name":"(anonymous_10)","decl":{"start":{"line":182,"column":2},"end":{"line":182,"column":10}},"loc":{"start":{"line":182,"column":54},"end":{"line":183,"column":null}},"line":182},"11":{"name":"(anonymous_11)","decl":{"start":{"line":186,"column":2},"end":{"line":186,"column":39}},"loc":{"start":{"line":186,"column":39},"end":{"line":187,"column":null}},"line":186}},"branchMap":{"0":{"loc":{"start":{"line":34,"column":42},"end":{"line":34,"column":75}},"type":"default-arg","locations":[{"start":{"line":34,"column":60},"end":{"line":34,"column":75}}],"line":34},"1":{"loc":{"start":{"line":36,"column":17},"end":{"line":36,"column":null}},"type":"binary-expr","locations":[{"start":{"line":36,"column":17},"end":{"line":36,"column":49}},{"start":{"line":36,"column":53},"end":{"line":36,"column":null}}],"line":36},"2":{"loc":{"start":{"line":37,"column":17},"end":{"line":37,"column":null}},"type":"binary-expr","locations":[{"start":{"line":37,"column":17},"end":{"line":37,"column":49}},{"start":{"line":37,"column":53},"end":{"line":37,"column":null}}],"line":37},"3":{"loc":{"start":{"line":38,"column":2},"end":{"line":39,"column":null}},"type":"if","locations":[{"start":{"line":38,"column":2},"end":{"line":39,"column":null}},{"start":{},"end":{}}],"line":38},"4":{"loc":{"start":{"line":38,"column":6},"end":{"line":38,"column":47}},"type":"binary-expr","locations":[{"start":{"line":38,"column":6},"end":{"line":38,"column":29}},{"start":{"line":38,"column":29},"end":{"line":38,"column":47}}],"line":38},"5":{"loc":{"start":{"line":39,"column":77},"end":{"line":39,"column":96}},"type":"binary-expr","locations":[{"start":{"line":39,"column":77},"end":{"line":39,"column":87}},{"start":{"line":39,"column":87},"end":{"line":39,"column":96}}],"line":39},"6":{"loc":{"start":{"line":106,"column":4},"end":{"line":106,"column":null}},"type":"if","locations":[{"start":{"line":106,"column":4},"end":{"line":106,"column":null}},{"start":{},"end":{}}],"line":106},"7":{"loc":{"start":{"line":108,"column":4},"end":{"line":108,"column":null}},"type":"if","locations":[{"start":{"line":108,"column":4},"end":{"line":108,"column":null}},{"start":{},"end":{}}],"line":108},"8":{"loc":{"start":{"line":115,"column":4},"end":{"line":115,"column":null}},"type":"if","locations":[{"start":{"line":115,"column":4},"end":{"line":115,"column":null}},{"start":{},"end":{}}],"line":115},"9":{"loc":{"start":{"line":127,"column":4},"end":{"line":133,"column":null}},"type":"if","locations":[{"start":{"line":127,"column":4},"end":{"line":133,"column":null}},{"start":{},"end":{}}],"line":127},"10":{"loc":{"start":{"line":151,"column":4},"end":{"line":151,"column":null}},"type":"if","locations":[{"start":{"line":151,"column":4},"end":{"line":151,"column":null}},{"start":{},"end":{}}],"line":151},"11":{"loc":{"start":{"line":174,"column":6},"end":{"line":174,"column":null}},"type":"if","locations":[{"start":{"line":174,"column":6},"end":{"line":174,"column":null}},{"start":{},"end":{}}],"line":174}},"s":{"0":36,"1":36,"2":36,"3":36,"4":0,"5":36,"6":7,"7":3,"8":3,"9":3,"10":2,"11":2,"12":2,"13":2,"14":2,"15":7,"16":7,"17":7,"18":7,"19":7,"20":9,"21":9,"22":9,"23":9,"24":9,"25":9,"26":9,"27":9,"28":4,"29":4,"30":0,"31":4,"32":0,"33":4,"34":4,"35":4,"36":1,"37":3,"38":3,"39":3,"40":3,"41":3,"42":3,"43":3,"44":3,"45":2,"46":2,"47":2,"48":2,"49":2,"50":3,"51":3,"52":3,"53":4,"54":4,"55":0,"56":4,"57":4,"58":0,"59":0,"60":0,"61":4,"62":1,"63":2,"64":1,"65":1,"66":1,"67":1,"68":1,"69":0,"70":4,"71":0},"f":{"0":36,"1":7,"2":3,"3":2,"4":7,"5":9,"6":4,"7":4,"8":1,"9":0,"10":4,"11":0},"b":{"0":[36],"1":[36,0],"2":[36,0],"3":[0,36],"4":[36,0],"5":[0,0],"6":[0,4],"7":[0,4],"8":[1,3],"9":[2,1],"10":[0,4],"11":[1,0]},"meta":{"lastBranch":12,"lastFunction":12,"lastStatement":72,"seen":{"f:34:9:34:13":0,"b:34:60:34:75":0,"s:35:8:35:80":0,"s:36:17:36:Infinity":1,"b:36:17:36:49:36:53:36:Infinity":1,"s:37:17:37:Infinity":2,"b:37:17:37:49:37:53:37:Infinity":2,"b:38:2:39:Infinity:undefined:undefined:undefined:undefined":3,"s:38:2:39:Infinity":3,"b:38:6:38:29:38:29:38:47":4,"s:39:4:39:Infinity":4,"b:39:77:39:87:39:87:39:96":5,"s:41:2:41:Infinity":5,"f:50:9:50:22":1,"s:51:2:51:Infinity":6,"f:54:9:54:24":2,"s:55:12:55:36":7,"s:56:2:59:Infinity":8,"s:57:4:57:Infinity":9,"s:59:4:59:Infinity":10,"f:63:9:63:24":3,"s:64:2:64:Infinity":11,"s:65:14:65:Infinity":12,"s:66:2:66:Infinity":13,"s:67:2:67:Infinity":14,"s:75:19:75:50":15,"s:76:44:76:46":16,"f:79:2:79:14":4,"s:80:4:80:Infinity":17,"s:81:4:81:Infinity":18,"s:82:4:82:Infinity":19,"f:85:2:85:9":5,"s:86:24:86:65":20,"s:87:25:87:75":21,"s:88:4:88:Infinity":22,"s:90:25:90:58":23,"s:91:4:91:Infinity":24,"s:93:31:98:Infinity":25,"s:99:4:99:Infinity":26,"s:101:4:101:Infinity":27,"f:104:2:104:10":6,"s:105:17:105:42":28,"b:106:4:106:Infinity:undefined:undefined:undefined:undefined":6,"s:106:4:106:Infinity":29,"s:106:15:106:Infinity":30,"b:108:4:108:Infinity:undefined:undefined:undefined:undefined":7,"s:108:4:108:Infinity":31,"s:108:35:108:Infinity":32,"s:111:4:111:Infinity":33,"s:114:18:114:95":34,"b:115:4:115:Infinity:undefined:undefined:undefined:undefined":8,"s:115:4:115:Infinity":35,"s:115:16:115:Infinity":36,"s:117:21:117:108":37,"s:118:21:118:113":38,"s:119:25:119:61":39,"s:122:17:122:72":40,"s:123:23:123:54":41,"s:124:24:124:Infinity":42,"s:126:20:126:Infinity":43,"b:127:4:133:Infinity:undefined:undefined:undefined:undefined":9,"s:127:4:133:Infinity":44,"s:128:6:128:Infinity":45,"s:129:6:129:Infinity":46,"s:130:6:130:Infinity":47,"s:132:6:132:Infinity":48,"s:133:6:133:Infinity":49,"s:136:34:143:Infinity":50,"s:145:4:145:Infinity":51,"s:146:4:146:Infinity":52,"f:149:2:149:10":7,"s:150:17:150:42":53,"b:151:4:151:Infinity:undefined:undefined:undefined:undefined":10,"s:151:4:151:Infinity":54,"s:151:15:151:Infinity":55,"s:153:4:159:Infinity":56,"s:154:6:154:Infinity":57,"s:156:6:159:Infinity":58,"s:157:8:157:Infinity":59,"s:158:8:158:Infinity":60,"s:162:4:162:Infinity":61,"f:165:2:165:21":8,"s:166:4:167:Infinity":62,"s:167:6:167:Infinity":63,"s:171:19:171:69":64,"s:172:4:175:Infinity":65,"s:173:22:173:44":66,"b:174:6:174:Infinity:undefined:undefined:undefined:undefined":11,"s:174:6:174:Infinity":67,"s:174:32:174:Infinity":68,"f:178:2:178:21":9,"s:179:4:179:Infinity":69,"f:182:2:182:10":10,"s:183:4:183:Infinity":70,"f:186:2:186:39":11,"s:187:4:187:Infinity":71}}}
}
